TN:
SF:src/App.tsx
FN:1,(empty-report)
FNF:1
FNH:0
FNDA:0,(empty-report)
DA:1,0
DA:10,0
DA:11,0
DA:12,0
DA:14,0
DA:15,0
DA:16,0
DA:17,0
DA:18,0
DA:19,0
DA:20,0
DA:21,0
DA:22,0
DA:23,0
DA:24,0
DA:25,0
DA:26,0
DA:27,0
DA:28,0
DA:29,0
DA:30,0
DA:31,0
DA:32,0
DA:34,0
DA:35,0
DA:36,0
DA:37,0
DA:38,0
DA:39,0
DA:40,0
DA:41,0
DA:42,0
DA:43,0
DA:44,0
DA:45,0
DA:46,0
DA:47,0
DA:48,0
DA:49,0
DA:50,0
DA:51,0
DA:52,0
DA:54,0
LF:43
LH:0
BRDA:1,0,0,0
BRF:1
BRH:0
end_of_record
TN:
SF:src/constants.ts
FN:1,(empty-report)
FNF:1
FNH:1
FNDA:1,(empty-report)
DA:3,0
DA:4,0
DA:6,0
DA:7,0
DA:8,0
DA:9,0
DA:10,0
DA:11,0
LF:8
LH:0
BRDA:1,0,0,1
BRF:1
BRH:1
end_of_record
TN:
SF:src/main.tsx
FN:1,(empty-report)
FNF:1
FNH:0
FNDA:0,(empty-report)
DA:1,0
DA:2,0
DA:3,0
DA:4,0
DA:5,0
DA:8,0
DA:10,0
DA:11,0
DA:12,0
DA:13,0
DA:14,0
DA:15,0
DA:16,0
LF:13
LH:0
BRDA:1,0,0,0
BRF:1
BRH:0
end_of_record
TN:
SF:src/types.ts
FN:1,(empty-report)
FNF:1
FNH:1
FNDA:1,(empty-report)
LF:0
LH:0
BRDA:1,0,0,1
BRF:1
BRH:1
end_of_record
TN:
SF:src/api/client.ts
FNF:0
FNH:0
DA:1,1
DA:3,1
DA:4,1
DA:5,1
DA:6,1
LF:5
LH:5
BRF:0
BRH:0
end_of_record
TN:
SF:src/api/goals.ts
FN:4,listGoals
FN:9,createGoal
FNF:2
FNH:2
FNDA:11,listGoals
FNDA:2,createGoal
DA:1,1
DA:4,11
DA:5,11
DA:6,11
DA:7,11
DA:9,2
DA:10,2
DA:11,2
DA:12,2
LF:9
LH:9
BRDA:4,0,0,11
BRDA:9,1,0,2
BRF:2
BRH:2
end_of_record
TN:
SF:src/api/projects.ts
FN:4,listProjects
FN:9,createProject
FNF:2
FNH:2
FNDA:11,listProjects
FNDA:2,createProject
DA:1,1
DA:4,11
DA:5,11
DA:6,11
DA:7,11
DA:9,2
DA:10,2
DA:11,2
DA:12,2
LF:9
LH:9
BRDA:4,0,0,11
BRDA:9,1,0,2
BRF:2
BRH:2
end_of_record
TN:
SF:src/api/recommendations.ts
FN:11,listRecommendations
FN:17,suggestWeek
FNF:2
FNH:2
FNDA:5,listRecommendations
FNDA:4,suggestWeek
DA:1,1
DA:11,5
DA:12,5
DA:13,5
DA:14,2
DA:15,2
DA:17,4
DA:18,4
DA:19,4
DA:20,1
DA:21,1
LF:11
LH:11
BRDA:11,0,0,5
BRDA:13,1,0,3
BRDA:13,2,0,2
BRDA:17,3,0,4
BRDA:19,4,0,3
BRDA:19,5,0,1
BRF:6
BRH:6
end_of_record
TN:
SF:src/api/tasks.ts
FN:4,listTasks
FN:12,createTask
FN:18,patchTask
FN:23,updateTaskOrder
FN:28,getBacklogTasks
FN:33,promoteTasksToWeek
FNF:6
FNH:6
FNDA:3,listTasks
FNDA:1,createTask
FNDA:2,patchTask
FNDA:1,updateTaskOrder
FNDA:1,getBacklogTasks
FNDA:3,promoteTasksToWeek
DA:1,1
DA:4,3
DA:5,3
DA:6,3
DA:7,3
DA:8,3
DA:9,3
DA:12,1
DA:13,1
DA:14,1
DA:15,1
DA:18,2
DA:19,2
DA:20,2
DA:21,2
DA:23,1
DA:24,1
DA:25,1
DA:26,1
DA:28,1
DA:29,1
DA:30,1
DA:31,1
DA:33,3
DA:34,3
DA:35,3
DA:36,3
LF:27
LH:27
BRDA:4,0,0,3
BRDA:6,1,0,3
BRDA:12,2,0,1
BRDA:18,3,0,2
BRDA:23,4,0,1
BRDA:28,5,0,1
BRDA:33,6,0,3
BRF:7
BRH:7
end_of_record
TN:
SF:src/components/SuggestWeekModal.tsx
FN:5,SuggestWeekModal
FN:27,formatDate
FN:68,onChange
FN:125,onClick
FNF:4
FNH:4
FNDA:36,SuggestWeekModal
FNDA:54,formatDate
FNDA:7,onChange
FNDA:1,onClick
DA:1,1
DA:5,36
DA:11,36
DA:12,36
DA:14,36
DA:15,16
DA:16,13
DA:18,13
DA:19,13
DA:20,13
DA:21,36
DA:23,36
DA:25,33
DA:27,33
DA:28,54
DA:29,54
DA:30,54
DA:32,33
DA:33,33
DA:34,33
DA:35,33
DA:36,33
DA:37,33
DA:38,33
DA:39,33
DA:40,33
DA:41,33
DA:43,33
DA:44,33
DA:46,33
DA:47,2
DA:48,2
DA:49,2
DA:51,31
DA:52,31
DA:54,31
DA:56,31
DA:57,31
DA:58,2
DA:60,2
DA:62,29
DA:63,29
DA:64,79
DA:65,79
DA:66,79
DA:67,79
DA:68,79
DA:69,79
DA:70,79
DA:71,79
DA:72,79
DA:73,79
DA:75,79
DA:76,79
DA:77,50
DA:78,50
DA:79,50
DA:82,79
DA:83,27
DA:84,27
DA:85,27
DA:86,27
DA:89,79
DA:90,27
DA:91,27
DA:92,27
DA:93,27
DA:95,79
DA:97,79
DA:98,50
DA:99,50
DA:100,75
DA:101,75
DA:102,75
DA:103,50
DA:104,50
DA:106,79
DA:107,79
DA:108,29
DA:109,29
DA:111,31
DA:113,31
DA:114,31
DA:115,31
DA:116,31
DA:117,31
DA:118,31
DA:119,31
DA:120,31
DA:121,31
DA:123,31
DA:124,31
DA:125,31
DA:126,31
DA:127,31
DA:128,31
DA:129,31
DA:130,31
DA:131,31
DA:132,31
DA:133,31
DA:135,36
DA:136,36
DA:138,36
LF:104
LH:104
BRDA:5,0,0,36
BRDA:23,1,0,3
BRDA:23,2,0,33
BRDA:46,3,0,2
BRDA:49,4,0,31
BRDA:57,5,0,2
BRDA:60,6,0,29
BRDA:115,7,0,8
BRDA:115,8,0,6
BRDA:115,9,0,2
BRDA:115,10,0,23
BRDA:14,11,0,16
BRDA:15,12,0,13
BRDA:18,13,0,29
BRDA:25,14,0,53
BRDA:25,15,0,10
BRDA:27,16,0,54
BRDA:28,17,0,0
BRDA:63,18,0,79
BRDA:76,19,0,50
BRDA:82,20,0,27
BRDA:89,21,0,27
BRDA:97,22,0,50
BRDA:68,23,0,7
BRDA:68,24,0,7
BRDA:99,25,0,75
BRDA:125,26,0,1
BRF:27
BRH:26
end_of_record
TN:
SF:src/components/TaskBoard.tsx
FN:1,(empty-report)
FNF:1
FNH:0
FNDA:0,(empty-report)
DA:1,0
DA:14,0
DA:15,0
DA:16,0
DA:17,0
DA:18,0
DA:19,0
DA:21,0
DA:23,0
DA:24,0
DA:25,0
DA:26,0
DA:28,0
DA:29,0
DA:30,0
DA:32,0
DA:33,0
DA:34,0
DA:35,0
DA:36,0
DA:37,0
DA:38,0
DA:39,0
DA:40,0
DA:41,0
DA:42,0
DA:43,0
DA:44,0
DA:45,0
DA:46,0
DA:47,0
DA:48,0
DA:49,0
DA:50,0
DA:51,0
DA:52,0
DA:53,0
DA:54,0
DA:55,0
DA:56,0
DA:57,0
DA:58,0
DA:59,0
DA:61,0
DA:62,0
DA:64,0
DA:65,0
DA:66,0
DA:67,0
DA:68,0
DA:69,0
DA:71,0
DA:72,0
DA:73,0
DA:74,0
DA:76,0
DA:77,0
DA:78,0
DA:79,0
DA:81,0
DA:82,0
DA:83,0
DA:84,0
DA:85,0
DA:86,0
DA:87,0
DA:89,0
DA:90,0
DA:91,0
DA:92,0
DA:94,0
DA:95,0
DA:96,0
DA:97,0
DA:99,0
DA:100,0
DA:101,0
DA:102,0
DA:103,0
DA:104,0
DA:105,0
DA:107,0
DA:108,0
DA:109,0
DA:110,0
DA:111,0
DA:113,0
DA:115,0
DA:116,0
DA:117,0
DA:119,0
DA:121,0
DA:123,0
DA:124,0
DA:125,0
DA:127,0
DA:128,0
DA:129,0
DA:131,0
DA:132,0
DA:133,0
DA:134,0
DA:135,0
DA:136,0
DA:137,0
DA:138,0
DA:139,0
DA:140,0
DA:141,0
DA:143,0
DA:144,0
DA:145,0
DA:146,0
DA:147,0
DA:148,0
DA:149,0
DA:151,0
DA:153,0
DA:155,0
DA:156,0
DA:157,0
DA:159,0
DA:160,0
DA:161,0
DA:163,0
DA:164,0
DA:165,0
DA:166,0
DA:167,0
DA:168,0
DA:169,0
DA:170,0
DA:171,0
DA:172,0
DA:173,0
DA:175,0
DA:176,0
DA:177,0
DA:178,0
DA:179,0
DA:180,0
DA:181,0
DA:183,0
DA:185,0
DA:187,0
DA:188,0
DA:189,0
DA:191,0
DA:192,0
DA:193,0
DA:194,0
DA:195,0
DA:196,0
DA:197,0
DA:198,0
DA:199,0
DA:200,0
DA:201,0
DA:203,0
DA:204,0
DA:205,0
DA:206,0
DA:207,0
DA:208,0
DA:209,0
DA:210,0
DA:211,0
DA:212,0
DA:213,0
DA:214,0
DA:215,0
DA:217,0
DA:218,0
DA:220,0
DA:225,0
DA:226,0
DA:227,0
DA:228,0
DA:229,0
DA:230,0
DA:231,0
DA:232,0
DA:233,0
DA:235,0
DA:236,0
DA:237,0
DA:238,0
DA:239,0
DA:240,0
DA:241,0
DA:242,0
DA:244,0
DA:246,0
DA:247,0
DA:248,0
DA:249,0
DA:250,0
DA:251,0
DA:252,0
DA:253,0
DA:254,0
DA:255,0
DA:256,0
DA:257,0
DA:259,0
DA:260,0
DA:261,0
DA:263,0
DA:266,0
DA:269,0
DA:270,0
DA:271,0
DA:272,0
DA:273,0
DA:274,0
DA:277,0
DA:278,0
DA:279,0
DA:281,0
DA:282,0
DA:283,0
DA:284,0
DA:285,0
DA:286,0
DA:287,0
DA:288,0
DA:291,0
DA:293,0
DA:294,0
DA:295,0
DA:296,0
DA:297,0
DA:299,0
DA:300,0
DA:301,0
DA:302,0
DA:303,0
DA:305,0
DA:306,0
DA:307,0
DA:309,0
DA:310,0
DA:312,0
DA:313,0
DA:314,0
DA:316,0
DA:317,0
DA:318,0
DA:319,0
DA:320,0
DA:322,0
DA:323,0
DA:324,0
DA:327,0
DA:328,0
DA:329,0
DA:331,0
DA:332,0
DA:333,0
DA:334,0
DA:335,0
DA:336,0
DA:337,0
DA:340,0
DA:341,0
DA:342,0
DA:344,0
DA:347,0
DA:348,0
DA:349,0
DA:350,0
DA:351,0
DA:352,0
DA:354,0
DA:355,0
DA:356,0
DA:357,0
DA:358,0
DA:359,0
DA:361,0
DA:362,0
DA:363,0
DA:365,0
DA:366,0
DA:368,0
DA:369,0
DA:370,0
DA:371,0
DA:372,0
DA:374,0
DA:376,0
DA:377,0
DA:380,0
DA:381,0
DA:382,0
DA:383,0
DA:384,0
DA:385,0
DA:386,0
DA:387,0
DA:388,0
DA:389,0
DA:390,0
DA:391,0
DA:392,0
DA:395,0
DA:396,0
DA:397,0
DA:398,0
DA:399,0
DA:400,0
DA:401,0
DA:402,0
DA:404,0
LF:314
LH:0
BRDA:1,0,0,0
BRF:1
BRH:0
end_of_record
TN:
SF:src/components/TaskForm.tsx
FN:16,TaskForm
FN:27,handleSubmit
FN:56,onChange
FN:68,onChange
FN:78,onChange
FN:91,onChange
FN:105,onChange
FN:116,onChange
FNF:8
FNH:8
FNDA:115,TaskForm
FNDA:7,handleSubmit
FNDA:70,onChange
FNDA:17,onChange
FNDA:1,onChange
FNDA:1,onChange
FNDA:1,onChange
FNDA:1,onChange
DA:1,1
DA:16,115
DA:17,115
DA:18,115
DA:19,115
DA:20,115
DA:21,115
DA:22,115
DA:24,115
DA:25,115
DA:27,115
DA:28,7
DA:29,7
DA:30,6
DA:31,6
DA:32,6
DA:33,7
DA:34,7
DA:35,7
DA:36,7
DA:37,7
DA:38,7
DA:39,7
DA:40,7
DA:41,7
DA:42,7
DA:43,7
DA:44,7
DA:46,115
DA:47,115
DA:48,115
DA:49,115
DA:50,115
DA:51,115
DA:52,115
DA:53,115
DA:54,115
DA:55,115
DA:56,115
DA:57,115
DA:58,115
DA:59,115
DA:61,115
DA:62,115
DA:63,115
DA:64,115
DA:65,115
DA:66,115
DA:67,115
DA:68,115
DA:69,115
DA:70,115
DA:72,115
DA:73,115
DA:74,115
DA:75,115
DA:76,115
DA:77,115
DA:78,115
DA:80,115
DA:81,115
DA:82,115
DA:83,115
DA:85,115
DA:86,115
DA:87,115
DA:88,115
DA:89,115
DA:90,115
DA:91,115
DA:93,115
DA:94,115
DA:95,115
DA:96,115
DA:98,115
DA:99,115
DA:100,115
DA:101,115
DA:102,115
DA:103,115
DA:104,115
DA:105,115
DA:106,115
DA:107,115
DA:109,115
DA:110,115
DA:111,115
DA:112,115
DA:113,115
DA:114,115
DA:115,115
DA:116,115
DA:117,115
DA:118,115
DA:120,115
DA:121,115
DA:123,115
DA:124,115
DA:125,115
DA:126,115
DA:128,115
LF:101
LH:101
BRDA:16,0,0,115
BRDA:81,1,0,105
BRDA:94,2,0,105
BRDA:27,3,0,7
BRDA:29,4,0,1
BRDA:29,5,0,6
BRDA:33,6,0,5
BRDA:34,7,0,5
BRDA:35,8,0,5
BRDA:36,9,0,5
BRDA:56,10,0,70
BRDA:68,11,0,17
BRDA:78,12,0,1
BRDA:81,13,0,105
BRDA:91,14,0,1
BRDA:94,15,0,105
BRDA:105,16,0,1
BRDA:116,17,0,1
BRF:18
BRH:18
end_of_record
TN:
SF:src/components/Toaster.tsx
FN:1,(empty-report)
FNF:1
FNH:0
FNDA:0,(empty-report)
DA:1,0
DA:6,0
DA:7,0
DA:8,0
DA:9,0
DA:10,0
DA:11,0
DA:12,0
DA:14,0
DA:15,0
DA:16,0
DA:17,0
DA:18,0
DA:20,0
DA:21,0
DA:22,0
DA:23,0
DA:24,0
DA:25,0
DA:26,0
DA:27,0
DA:29,0
LF:22
LH:0
BRDA:1,0,0,0
BRF:1
BRH:0
end_of_record
TN:
SF:src/lib/queryKeys.ts
FN:4,byStatuses
FN:5,byId
FNF:2
FNH:0
FNDA:0,byStatuses
FNDA:0,byId
DA:1,1
DA:2,1
DA:3,1
DA:4,1
DA:5,1
DA:6,1
DA:7,1
DA:8,1
DA:9,1
DA:10,1
DA:11,1
DA:12,1
DA:13,1
DA:14,1
DA:15,1
DA:16,1
LF:16
LH:16
BRF:0
BRH:0
end_of_record
