TN:
SF:src/App.tsx
FN:1,(empty-report)
FNF:1
FNH:0
FNDA:0,(empty-report)
DA:1,0
DA:2,0
DA:3,0
DA:4,0
DA:5,0
DA:6,0
DA:7,0
DA:8,0
DA:9,0
DA:10,0
DA:11,0
DA:12,0
DA:13,0
DA:14,0
DA:16,0
DA:18,0
DA:19,0
DA:20,0
DA:21,0
DA:22,0
DA:24,0
DA:25,0
DA:26,0
DA:27,0
DA:28,0
DA:29,0
DA:30,0
DA:31,0
DA:32,0
DA:33,0
DA:34,0
DA:35,0
DA:36,0
DA:37,0
DA:38,0
DA:39,0
DA:40,0
DA:41,0
DA:42,0
DA:45,0
DA:46,0
DA:47,0
DA:48,0
DA:49,0
DA:50,0
DA:51,0
DA:52,0
DA:54,0
DA:57,0
DA:58,0
DA:59,0
DA:62,0
DA:63,0
DA:66,0
DA:67,0
DA:68,0
DA:69,0
DA:70,0
DA:72,0
DA:73,0
DA:74,0
DA:75,0
DA:76,0
DA:78,0
DA:80,0
DA:81,0
DA:82,0
DA:83,0
DA:85,0
DA:87,0
DA:88,0
DA:89,0
DA:90,0
DA:91,0
DA:93,0
DA:96,0
DA:97,0
DA:98,0
DA:99,0
DA:100,0
DA:101,0
DA:102,0
DA:104,0
DA:106,0
DA:107,0
DA:108,0
DA:109,0
DA:110,0
DA:111,0
DA:112,0
DA:113,0
DA:114,0
DA:115,0
DA:116,0
DA:117,0
DA:118,0
DA:119,0
DA:120,0
DA:122,0
DA:123,0
DA:124,0
DA:125,0
DA:126,0
DA:128,0
DA:129,0
DA:130,0
DA:132,0
DA:133,0
DA:134,0
DA:135,0
DA:136,0
DA:137,0
DA:138,0
DA:139,0
DA:140,0
DA:142,0
DA:143,0
DA:144,0
DA:145,0
DA:146,0
DA:147,0
DA:148,0
DA:149,0
DA:150,0
DA:152,0
DA:153,0
DA:154,0
DA:155,0
DA:156,0
DA:157,0
DA:158,0
DA:159,0
DA:160,0
DA:161,0
DA:162,0
DA:163,0
DA:165,0
DA:166,0
DA:167,0
DA:168,0
DA:169,0
DA:170,0
DA:171,0
DA:172,0
DA:173,0
DA:175,0
DA:176,0
DA:177,0
DA:178,0
DA:180,0
DA:181,0
DA:182,0
DA:183,0
DA:184,0
DA:185,0
DA:186,0
DA:187,0
DA:188,0
DA:189,0
DA:190,0
DA:191,0
DA:192,0
DA:193,0
DA:194,0
DA:195,0
DA:196,0
DA:197,0
DA:198,0
DA:199,0
DA:201,0
DA:202,0
DA:203,0
DA:204,0
DA:206,0
DA:208,0
DA:209,0
DA:210,0
DA:212,0
LF:178
LH:0
BRDA:1,0,0,0
BRF:1
BRH:0
end_of_record
TN:
SF:src/constants.ts
FN:6,midpoint
FNF:1
FNH:0
FNDA:0,midpoint
DA:3,1
DA:4,1
DA:6,1
DA:7,0
DA:8,0
DA:9,0
DA:10,0
DA:11,0
LF:8
LH:3
BRF:0
BRH:0
end_of_record
TN:
SF:src/main.tsx
FN:1,(empty-report)
FNF:1
FNH:0
FNDA:0,(empty-report)
DA:1,0
DA:2,0
DA:3,0
DA:4,0
DA:5,0
DA:6,0
DA:9,0
DA:11,0
DA:12,0
DA:13,0
DA:14,0
DA:15,0
DA:16,0
DA:17,0
DA:18,0
DA:19,0
LF:16
LH:0
BRDA:1,0,0,0
BRF:1
BRH:0
end_of_record
TN:
SF:src/types.ts
FN:1,(empty-report)
FNF:1
FNH:1
FNDA:1,(empty-report)
LF:0
LH:0
BRDA:1,0,0,1
BRF:1
BRH:1
end_of_record
TN:
SF:src/api/auth.ts
FN:1,(empty-report)
FNF:1
FNH:0
FNDA:0,(empty-report)
DA:1,0
DA:10,0
DA:11,0
DA:12,0
DA:13,0
DA:15,0
DA:16,0
DA:18,0
DA:19,0
DA:20,0
DA:21,0
DA:22,0
DA:23,0
DA:24,0
DA:25,0
DA:27,0
DA:28,0
DA:30,0
DA:31,0
DA:32,0
DA:33,0
DA:34,0
DA:35,0
DA:36,0
DA:37,0
DA:39,0
DA:40,0
DA:41,0
DA:43,0
DA:44,0
DA:45,0
LF:31
LH:0
BRDA:1,0,0,0
BRF:1
BRH:0
end_of_record
TN:
SF:src/api/client.ts
FNF:0
FNH:0
DA:1,1
DA:6,1
DA:8,1
DA:9,0
DA:10,0
DA:12,1
DA:13,1
DA:14,1
DA:15,1
DA:16,1
LF:10
LH:8
BRDA:6,0,0,0
BRDA:8,1,0,0
BRDA:8,2,0,0
BRF:3
BRH:0
end_of_record
TN:
SF:src/api/goals.ts
FN:4,listGoals
FN:19,createGoal
FN:24,updateGoal
FN:29,getGoal
FN:41,createKR
FN:46,linkTasksToGoal
FN:59,getGoalsTree
FN:64,listGoalsByType
FNF:8
FNH:6
FNDA:21,listGoals
FNDA:6,createGoal
FNDA:1,updateGoal
FNDA:0,getGoal
FNDA:0,createKR
FNDA:4,linkTasksToGoal
FNDA:51,getGoalsTree
FNDA:5,listGoalsByType
DA:1,1
DA:4,21
DA:5,21
DA:6,21
DA:7,21
DA:19,6
DA:20,6
DA:21,6
DA:22,6
DA:24,1
DA:25,1
DA:26,1
DA:27,1
DA:29,0
DA:30,0
DA:31,0
DA:32,0
DA:41,0
DA:42,0
DA:43,0
DA:44,0
DA:46,4
DA:47,4
DA:48,4
DA:49,2
DA:50,2
DA:52,2
DA:53,1
DA:54,1
DA:55,1
DA:56,1
DA:57,4
DA:59,51
DA:60,51
DA:61,50
DA:62,50
DA:64,5
DA:65,5
DA:66,5
DA:67,3
DA:68,3
DA:69,5
DA:70,4
DA:71,4
LF:44
LH:36
BRDA:4,0,0,21
BRDA:19,1,0,6
BRDA:24,2,0,1
BRDA:46,3,0,4
BRDA:48,4,0,2
BRDA:52,5,0,1
BRDA:52,6,0,1
BRDA:59,7,0,51
BRDA:60,8,0,50
BRDA:64,9,0,5
BRDA:66,10,0,3
BRDA:69,11,0,4
BRF:12
BRH:12
end_of_record
TN:
SF:src/api/import.ts
FN:3,importTrello
FNF:1
FNH:0
FNDA:0,importTrello
DA:1,1
DA:3,0
DA:4,0
DA:5,0
DA:7,0
DA:8,0
DA:9,0
DA:10,0
DA:11,0
DA:13,0
DA:14,0
LF:11
LH:1
BRF:0
BRH:0
end_of_record
TN:
SF:src/api/projects.ts
FN:4,listProjects
FN:16,createProject
FN:21,patchProject
FNF:3
FNH:3
FNDA:54,listProjects
FNDA:4,createProject
FNDA:3,patchProject
DA:1,1
DA:4,54
DA:5,54
DA:6,54
DA:7,54
DA:16,4
DA:17,4
DA:18,4
DA:19,4
DA:21,3
DA:22,3
DA:23,3
DA:24,3
LF:13
LH:13
BRDA:4,0,0,54
BRDA:16,1,0,4
BRDA:21,2,0,3
BRF:3
BRH:3
end_of_record
TN:
SF:src/api/recommendations.ts
FN:11,listRecommendations
FN:17,suggestWeek
FNF:2
FNH:2
FNDA:5,listRecommendations
FNDA:4,suggestWeek
DA:1,1
DA:11,5
DA:12,5
DA:13,5
DA:14,2
DA:15,2
DA:17,4
DA:18,4
DA:19,4
DA:20,1
DA:21,1
LF:11
LH:11
BRDA:11,0,0,5
BRDA:13,1,0,3
BRDA:13,2,0,2
BRDA:17,3,0,4
BRDA:19,4,0,3
BRDA:19,5,0,1
BRF:6
BRH:6
end_of_record
TN:
SF:src/api/tasks.ts
FN:14,listTasks
FN:34,listTasksByStatuses
FN:39,createTask
FN:47,updateTask
FN:54,patchTask
FN:59,updateTaskOrder
FN:64,getBacklogTasks
FN:69,promoteTasksToWeek
FNF:8
FNH:7
FNDA:14,listTasks
FNDA:0,listTasksByStatuses
FNDA:1,createTask
FNDA:3,updateTask
FNDA:2,patchTask
FNDA:1,updateTaskOrder
FNDA:1,getBacklogTasks
FNDA:3,promoteTasksToWeek
DA:1,1
DA:14,14
DA:15,14
DA:18,14
DA:19,14
DA:22,14
DA:23,14
DA:24,14
DA:25,14
DA:26,14
DA:27,14
DA:29,14
DA:30,14
DA:31,14
DA:34,0
DA:35,0
DA:36,0
DA:39,1
DA:40,1
DA:41,1
DA:42,1
DA:47,3
DA:48,3
DA:49,3
DA:50,3
DA:54,2
DA:55,2
DA:56,2
DA:57,2
DA:59,1
DA:60,1
DA:61,1
DA:62,1
DA:64,1
DA:65,1
DA:66,1
DA:67,1
DA:69,3
DA:70,3
DA:71,3
DA:72,3
LF:41
LH:38
BRDA:14,0,0,14
BRDA:18,1,0,0
BRDA:22,2,0,0
BRDA:23,3,0,0
BRDA:24,4,0,0
BRDA:25,5,0,0
BRDA:25,6,0,0
BRDA:26,7,0,0
BRDA:27,8,0,0
BRDA:19,9,0,69
BRDA:39,10,0,1
BRDA:47,11,0,3
BRDA:54,12,0,2
BRDA:59,13,0,1
BRDA:64,14,0,1
BRDA:69,15,0,3
BRF:16
BRH:8
end_of_record
TN:
SF:src/components/ArchivePage.tsx
FN:1,(empty-report)
FNF:1
FNH:0
FNDA:0,(empty-report)
DA:1,0
DA:2,0
DA:3,0
DA:4,0
DA:6,0
DA:7,0
DA:8,0
DA:9,0
DA:10,0
DA:12,0
DA:13,0
DA:14,0
DA:15,0
DA:16,0
DA:18,0
DA:20,0
DA:22,0
DA:23,0
DA:24,0
DA:25,0
DA:26,0
DA:27,0
DA:28,0
DA:30,0
DA:31,0
DA:32,0
DA:33,0
DA:34,0
DA:35,0
DA:37,0
DA:38,0
DA:39,0
DA:40,0
DA:41,0
DA:42,0
DA:44,0
DA:45,0
DA:46,0
DA:47,0
DA:48,0
DA:49,0
DA:50,0
DA:51,0
DA:52,0
DA:53,0
DA:54,0
DA:55,0
DA:57,0
DA:60,0
DA:61,0
DA:62,0
DA:63,0
DA:64,0
DA:65,0
DA:66,0
DA:67,0
DA:68,0
DA:69,0
DA:70,0
DA:71,0
DA:72,0
DA:74,0
DA:76,0
DA:77,0
DA:79,0
DA:80,0
DA:81,0
DA:82,0
DA:83,0
DA:84,0
DA:85,0
DA:86,0
DA:87,0
DA:89,0
DA:91,0
LF:75
LH:0
BRDA:1,0,0,0
BRF:1
BRH:0
end_of_record
TN:
SF:src/components/GoalDetailPage.tsx
FN:1,(empty-report)
FNF:1
FNH:0
FNDA:0,(empty-report)
DA:1,0
DA:2,0
DA:3,0
DA:4,0
DA:5,0
DA:6,0
DA:7,0
DA:8,0
DA:17,0
DA:18,0
DA:19,0
DA:20,0
DA:21,0
DA:22,0
DA:27,0
DA:28,0
DA:29,0
DA:30,0
DA:31,0
DA:32,0
DA:33,0
DA:35,0
DA:37,0
DA:38,0
DA:39,0
DA:41,0
DA:42,0
DA:43,0
DA:44,0
DA:45,0
DA:46,0
DA:47,0
DA:49,0
DA:50,0
DA:51,0
DA:52,0
DA:53,0
DA:54,0
DA:55,0
DA:57,0
DA:58,0
DA:59,0
DA:60,0
DA:62,0
DA:63,0
DA:64,0
DA:65,0
DA:66,0
DA:67,0
DA:68,0
DA:69,0
DA:70,0
DA:71,0
DA:72,0
DA:74,0
DA:75,0
DA:76,0
DA:78,0
DA:79,0
DA:80,0
DA:81,0
DA:82,0
DA:83,0
DA:84,0
DA:85,0
DA:86,0
DA:87,0
DA:88,0
DA:89,0
DA:91,0
DA:92,0
DA:94,0
DA:95,0
DA:96,0
DA:97,0
DA:98,0
DA:99,0
DA:100,0
DA:101,0
DA:102,0
DA:103,0
DA:104,0
DA:106,0
DA:107,0
DA:109,0
DA:110,0
DA:111,0
DA:112,0
DA:113,0
DA:114,0
DA:115,0
DA:116,0
DA:117,0
DA:118,0
DA:119,0
DA:121,0
DA:122,0
DA:123,0
DA:124,0
DA:125,0
DA:126,0
DA:128,0
DA:129,0
DA:130,0
DA:131,0
DA:132,0
DA:134,0
DA:135,0
DA:136,0
DA:137,0
DA:138,0
DA:139,0
DA:141,0
DA:143,0
DA:144,0
DA:145,0
DA:146,0
DA:147,0
DA:148,0
DA:149,0
DA:155,0
DA:156,0
DA:158,0
DA:159,0
DA:160,0
DA:161,0
DA:162,0
DA:163,0
DA:164,0
DA:165,0
DA:167,0
DA:169,0
DA:170,0
DA:171,0
DA:174,0
DA:176,0
DA:177,0
DA:178,0
DA:179,0
DA:180,0
DA:181,0
DA:182,0
DA:184,0
DA:185,0
DA:186,0
DA:187,0
DA:188,0
DA:190,0
DA:191,0
DA:192,0
DA:193,0
DA:194,0
DA:195,0
DA:196,0
DA:198,0
DA:200,0
DA:201,0
DA:202,0
DA:204,0
DA:206,0
DA:207,0
DA:208,0
DA:209,0
DA:210,0
DA:211,0
DA:212,0
DA:213,0
DA:214,0
DA:215,0
DA:216,0
DA:217,0
DA:218,0
DA:219,0
DA:220,0
DA:221,0
DA:223,0
DA:224,0
DA:225,0
DA:226,0
DA:227,0
DA:228,0
DA:229,0
DA:230,0
DA:231,0
DA:232,0
DA:233,0
DA:234,0
DA:235,0
DA:236,0
DA:237,0
DA:238,0
DA:240,0
DA:242,0
DA:243,0
DA:244,0
DA:245,0
DA:246,0
DA:247,0
DA:248,0
DA:249,0
DA:250,0
DA:252,0
DA:253,0
DA:254,0
DA:255,0
DA:256,0
DA:258,0
DA:259,0
DA:260,0
DA:261,0
DA:262,0
DA:263,0
DA:265,0
DA:267,0
DA:268,0
DA:269,0
DA:270,0
DA:273,0
DA:274,0
DA:275,0
DA:276,0
DA:278,0
DA:279,0
DA:280,0
DA:281,0
DA:283,0
DA:284,0
DA:285,0
DA:286,0
DA:287,0
DA:288,0
DA:289,0
DA:291,0
DA:292,0
DA:293,0
DA:294,0
DA:295,0
DA:296,0
DA:297,0
DA:298,0
DA:300,0
DA:301,0
DA:302,0
DA:303,0
DA:304,0
DA:306,0
DA:308,0
DA:309,0
DA:310,0
DA:311,0
DA:312,0
DA:314,0
DA:316,0
DA:318,0
DA:319,0
DA:320,0
DA:321,0
DA:322,0
DA:323,0
DA:325,0
DA:327,0
DA:328,0
DA:331,0
DA:332,0
DA:333,0
DA:334,0
DA:335,0
DA:336,0
DA:338,0
DA:339,0
DA:340,0
DA:341,0
DA:342,0
DA:343,0
DA:344,0
DA:345,0
DA:347,0
DA:348,0
DA:349,0
DA:352,0
DA:353,0
DA:354,0
DA:355,0
DA:356,0
DA:357,0
DA:359,0
DA:361,0
DA:362,0
DA:364,0
DA:365,0
DA:366,0
DA:367,0
DA:368,0
DA:369,0
DA:371,0
DA:372,0
DA:373,0
DA:374,0
DA:375,0
DA:376,0
DA:377,0
DA:378,0
DA:379,0
DA:380,0
DA:381,0
DA:382,0
DA:383,0
DA:385,0
DA:386,0
DA:387,0
DA:388,0
DA:389,0
DA:391,0
DA:394,0
DA:395,0
DA:396,0
DA:397,0
DA:398,0
DA:399,0
DA:401,0
DA:403,0
DA:404,0
DA:406,0
DA:407,0
DA:408,0
DA:409,0
DA:410,0
DA:411,0
DA:413,0
DA:414,0
DA:415,0
DA:416,0
DA:417,0
DA:418,0
DA:419,0
DA:420,0
DA:422,0
DA:424,0
DA:425,0
DA:426,0
DA:427,0
DA:428,0
DA:429,0
DA:430,0
DA:431,0
DA:432,0
DA:433,0
DA:434,0
DA:435,0
DA:436,0
DA:437,0
DA:438,0
DA:439,0
DA:441,0
DA:444,0
DA:445,0
DA:446,0
DA:447,0
DA:448,0
DA:449,0
DA:451,0
DA:452,0
DA:453,0
DA:454,0
DA:455,0
DA:456,0
DA:457,0
DA:458,0
DA:460,0
LF:369
LH:0
BRDA:1,0,0,0
BRF:1
BRH:0
end_of_record
TN:
SF:src/components/GoalsPage.tsx
FN:20,GoalModal
FN:66,onKeyDown
FN:75,handleSubmit
FN:107,getParentOptions
FN:142,onChange
FN:159,onChange
FN:175,onChange
FN:194,onChange
FN:226,onChange
FN:242,onChange
FN:277,getStatusColor
FN:286,getTypeColor
FN:295,isOverdue
FN:300,GoalRow
FN:361,onClick
FN:380,GoalRowContainer
FN:392,onToggle
FN:404,GoalsPage
FN:417,onSuccess
FN:425,mutationFn
FN:427,onSuccess
FN:435,handleCreateGoal
FN:441,getDefaultGoalType
FN:453,handleEditGoal
FN:457,handleSubmit
FN:475,getFilteredGoals
FN:511,onClick
FN:567,onClose
FNF:28
FNH:26
FNDA:180,GoalModal
FNDA:187,onKeyDown
FNDA:4,handleSubmit
FNDA:155,getParentOptions
FNDA:97,onChange
FNDA:26,onChange
FNDA:5,onChange
FNDA:1,onChange
FNDA:4,onChange
FNDA:0,onChange
FNDA:102,getStatusColor
FNDA:102,getTypeColor
FNDA:102,isOverdue
FNDA:102,GoalRow
FNDA:1,onClick
FNDA:102,GoalRowContainer
FNDA:0,onToggle
FNDA:49,GoalsPage
FNDA:2,onSuccess
FNDA:1,mutationFn
FNDA:1,onSuccess
FNDA:8,handleCreateGoal
FNDA:34,getDefaultGoalType
FNDA:1,handleEditGoal
FNDA:3,handleSubmit
FNDA:34,getFilteredGoals
FNDA:2,onClick
FNDA:2,onClose
DA:1,1
DA:2,1
DA:3,1
DA:4,1
DA:5,1
DA:20,180
DA:21,180
DA:22,180
DA:23,180
DA:24,180
DA:25,180
DA:26,180
DA:27,180
DA:28,180
DA:36,180
DA:37,180
DA:38,180
DA:39,180
DA:40,180
DA:41,180
DA:42,180
DA:43,180
DA:44,180
DA:46,180
DA:49,180
DA:50,29
DA:51,9
DA:52,9
DA:53,9
DA:54,9
DA:55,9
DA:56,9
DA:57,9
DA:58,9
DA:59,9
DA:60,9
DA:61,180
DA:64,180
DA:65,34
DA:66,9
DA:67,187
DA:68,187
DA:69,9
DA:70,9
DA:71,180
DA:73,180
DA:75,155
DA:76,4
DA:77,4
DA:79,4
DA:80,0
DA:81,0
DA:82,4
DA:83,0
DA:84,0
DA:85,4
DA:86,1
DA:87,1
DA:88,4
DA:89,0
DA:90,0
DA:92,4
DA:93,4
DA:95,4
DA:97,4
DA:98,4
DA:99,4
DA:100,4
DA:101,4
DA:102,4
DA:103,4
DA:104,4
DA:105,4
DA:107,155
DA:108,155
DA:109,34
DA:110,34
DA:111,155
DA:112,58
DA:113,58
DA:114,63
DA:115,155
DA:117,155
DA:119,155
DA:120,155
DA:121,155
DA:122,155
DA:123,155
DA:124,155
DA:125,155
DA:127,155
DA:128,180
DA:129,180
DA:130,180
DA:131,180
DA:132,180
DA:134,180
DA:135,180
DA:136,180
DA:137,180
DA:138,180
DA:139,180
DA:140,180
DA:141,180
DA:142,180
DA:143,97
DA:144,97
DA:145,97
DA:146,180
DA:147,180
DA:148,180
DA:150,180
DA:151,180
DA:153,180
DA:154,180
DA:155,180
DA:156,180
DA:157,180
DA:158,180
DA:159,180
DA:160,180
DA:161,180
DA:163,180
DA:164,180
DA:166,180
DA:167,180
DA:168,180
DA:169,465
DA:170,465
DA:171,465
DA:172,465
DA:173,465
DA:174,465
DA:175,465
DA:176,465
DA:177,465
DA:178,465
DA:179,465
DA:180,180
DA:181,180
DA:182,180
DA:184,180
DA:185,92
DA:186,92
DA:187,92
DA:188,92
DA:189,92
DA:190,92
DA:191,92
DA:192,92
DA:193,92
DA:194,92
DA:195,1
DA:196,1
DA:197,1
DA:199,92
DA:200,92
DA:201,92
DA:202,92
DA:203,92
DA:205,0
DA:206,0
DA:207,0
DA:208,0
DA:210,0
DA:212,92
DA:213,92
DA:216,180
DA:217,180
DA:219,180
DA:220,180
DA:221,180
DA:222,180
DA:223,180
DA:224,180
DA:225,180
DA:226,180
DA:227,4
DA:228,4
DA:229,4
DA:230,180
DA:231,180
DA:232,180
DA:234,180
DA:235,180
DA:237,180
DA:238,180
DA:239,180
DA:240,180
DA:241,180
DA:242,180
DA:244,180
DA:245,180
DA:246,180
DA:247,180
DA:248,180
DA:250,180
DA:251,180
DA:252,180
DA:253,180
DA:254,180
DA:255,180
DA:256,180
DA:258,180
DA:259,180
DA:260,180
DA:261,180
DA:262,180
DA:263,133
DA:264,133
DA:266,180
DA:268,180
DA:269,180
DA:270,180
DA:271,180
DA:272,180
DA:273,180
DA:275,180
DA:277,102
DA:278,102
DA:279,102
DA:280,102
DA:281,102
DA:282,102
DA:283,102
DA:284,102
DA:286,102
DA:287,102
DA:288,102
DA:289,102
DA:290,102
DA:291,102
DA:292,102
DA:293,102
DA:295,102
DA:296,102
DA:297,102
DA:298,102
DA:300,102
DA:306,102
DA:307,102
DA:308,102
DA:310,102
DA:311,102
DA:312,102
DA:313,102
DA:314,102
DA:316,102
DA:317,68
DA:318,68
DA:319,68
DA:320,68
DA:322,68
DA:323,68
DA:325,102
DA:327,102
DA:328,102
DA:329,102
DA:330,102
DA:331,102
DA:333,102
DA:335,102
DA:336,102
DA:337,102
DA:338,102
DA:339,102
DA:341,102
DA:342,102
DA:343,102
DA:344,102
DA:346,102
DA:347,102
DA:348,102
DA:349,102
DA:350,102
DA:352,102
DA:353,102
DA:354,102
DA:355,102
DA:357,102
DA:358,102
DA:360,102
DA:361,102
DA:362,102
DA:363,102
DA:364,102
DA:366,102
DA:367,102
DA:369,102
DA:370,68
DA:371,68
DA:372,68
DA:373,68
DA:374,68
DA:376,102
DA:378,102
DA:380,102
DA:384,102
DA:385,102
DA:387,102
DA:388,102
DA:389,102
DA:390,102
DA:391,102
DA:392,102
DA:393,102
DA:394,102
DA:396,102
DA:404,49
DA:405,49
DA:406,49
DA:407,49
DA:408,49
DA:410,49
DA:411,49
DA:412,49
DA:413,49
DA:415,49
DA:416,49
DA:417,49
DA:418,2
DA:419,2
DA:420,2
DA:421,2
DA:422,49
DA:424,49
DA:425,49
DA:426,1
DA:427,49
DA:428,1
DA:429,1
DA:430,1
DA:431,1
DA:432,1
DA:433,49
DA:435,49
DA:436,8
DA:437,8
DA:438,8
DA:441,49
DA:442,34
DA:444,34
DA:445,34
DA:447,34
DA:448,34
DA:450,34
DA:451,34
DA:453,49
DA:454,1
DA:455,1
DA:457,49
DA:458,3
DA:459,1
DA:460,3
DA:461,2
DA:462,2
DA:463,3
DA:465,49
DA:466,15
DA:467,15
DA:468,15
DA:469,15
DA:471,15
DA:473,49
DA:475,49
DA:476,34
DA:478,2
DA:479,2
DA:480,2
DA:481,1
DA:482,0
DA:483,2
DA:484,34
DA:486,49
DA:488,49
DA:489,49
DA:490,49
DA:491,49
DA:492,49
DA:493,49
DA:494,49
DA:496,49
DA:498,49
DA:499,49
DA:502,49
DA:503,49
DA:504,49
DA:505,49
DA:506,49
DA:507,49
DA:508,49
DA:509,136
DA:510,136
DA:511,136
DA:512,136
DA:513,136
DA:514,34
DA:515,102
DA:516,136
DA:518,136
DA:519,136
DA:520,49
DA:521,49
DA:524,49
DA:525,0
DA:526,0
DA:527,0
DA:528,0
DA:529,0
DA:530,0
DA:531,0
DA:532,0
DA:533,0
DA:534,0
DA:535,0
DA:536,0
DA:537,0
DA:538,0
DA:539,0
DA:540,0
DA:541,0
DA:542,0
DA:543,0
DA:544,0
DA:545,0
DA:546,0
DA:547,0
DA:548,0
DA:549,0
DA:551,0
DA:552,0
DA:553,0
DA:554,0
DA:556,0
DA:558,34
DA:559,34
DA:560,34
DA:561,34
DA:562,34
DA:565,49
DA:566,49
DA:567,49
DA:568,2
DA:569,2
DA:570,2
DA:571,49
DA:572,49
DA:573,49
DA:574,49
DA:575,49
DA:576,49
DA:577,49
DA:579,49
LF:453
LH:411
BRDA:20,0,0,180
BRDA:38,1,0,23
BRDA:38,2,0,157
BRDA:39,3,0,23
BRDA:40,4,0,23
BRDA:40,5,0,157
BRDA:41,6,0,23
BRDA:42,7,0,23
BRDA:42,8,0,23
BRDA:42,9,0,157
BRDA:43,10,0,23
BRDA:43,11,0,157
BRDA:73,12,0,25
BRDA:73,13,0,155
BRDA:128,14,0,23
BRDA:128,15,0,132
BRDA:139,16,0,0
BRDA:139,17,0,155
BRDA:147,18,0,0
BRDA:158,19,0,126
BRDA:184,20,0,92
BRDA:187,21,0,34
BRDA:187,22,0,58
BRDA:192,23,0,1
BRDA:192,24,0,91
BRDA:193,25,0,90
BRDA:203,26,0,0
BRDA:212,27,0,1
BRDA:224,28,0,0
BRDA:224,29,0,155
BRDA:225,30,0,125
BRDA:231,31,0,0
BRDA:241,32,0,0
BRDA:262,33,0,155
BRDA:262,34,0,133
BRDA:263,35,0,133
BRDA:264,36,0,73
BRDA:268,37,0,0
BRDA:268,38,0,155
BRDA:268,39,0,23
BRDA:268,40,0,132
BRDA:49,41,0,29
BRDA:50,42,0,9
BRDA:52,43,0,1
BRDA:52,44,0,8
BRDA:53,45,0,1
BRDA:54,46,0,1
BRDA:54,47,0,8
BRDA:55,48,0,1
BRDA:56,49,0,1
BRDA:56,50,0,1
BRDA:56,51,0,8
BRDA:57,52,0,1
BRDA:57,53,0,8
BRDA:64,54,0,34
BRDA:65,55,0,25
BRDA:65,56,0,9
BRDA:66,57,0,187
BRDA:67,58,0,1
BRDA:70,59,0,9
BRDA:75,60,0,4
BRDA:79,61,0,0
BRDA:82,62,0,0
BRDA:85,63,0,2
BRDA:85,64,0,1
BRDA:88,65,0,0
BRDA:88,66,0,0
BRDA:93,67,0,1
BRDA:93,68,0,3
BRDA:95,69,0,0
BRDA:99,70,0,3
BRDA:99,71,0,2
BRDA:100,72,0,0
BRDA:103,73,0,0
BRDA:107,74,0,155
BRDA:108,75,0,34
BRDA:110,76,0,121
BRDA:111,77,0,58
BRDA:113,78,0,63
BRDA:109,79,0,34
BRDA:112,80,0,58
BRDA:112,81,0,58
BRDA:142,82,0,97
BRDA:144,83,0,0
BRDA:159,84,0,26
BRDA:168,85,0,465
BRDA:175,86,0,5
BRDA:194,87,0,1
BRDA:195,88,0,0
BRDA:196,89,0,0
BRDA:200,90,0,92
BRDA:226,91,0,4
BRDA:228,92,0,0
BRDA:277,93,0,102
BRDA:279,94,0,68
BRDA:280,95,0,34
BRDA:281,96,0,0
BRDA:282,97,0,0
BRDA:286,98,0,102
BRDA:288,99,0,34
BRDA:289,100,0,34
BRDA:290,101,0,34
BRDA:291,102,0,0
BRDA:295,103,0,102
BRDA:296,104,0,0
BRDA:300,105,0,102
BRDA:316,106,0,68
BRDA:319,107,0,0
BRDA:322,108,0,0
BRDA:325,109,0,34
BRDA:354,110,0,0
BRDA:369,111,0,68
BRDA:361,112,0,1
BRDA:371,113,0,68
BRDA:380,114,0,102
BRDA:404,115,0,49
BRDA:465,116,0,15
BRDA:471,117,0,34
BRDA:473,118,0,0
BRDA:524,119,0,0
BRDA:556,120,0,34
BRDA:566,121,0,26
BRDA:573,122,0,32
BRDA:417,123,0,2
BRDA:425,124,0,1
BRDA:427,125,0,1
BRDA:435,126,0,8
BRDA:441,127,0,34
BRDA:442,128,0,0
BRDA:445,129,0,0
BRDA:448,130,0,0
BRDA:444,131,0,34
BRDA:447,132,0,34
BRDA:447,133,0,34
BRDA:453,134,0,1
BRDA:457,135,0,3
BRDA:458,136,0,1
BRDA:460,137,0,2
BRDA:475,138,0,34
BRDA:476,139,0,32
BRDA:476,140,0,2
BRDA:478,141,0,2
BRDA:479,142,0,1
BRDA:480,143,0,0
BRDA:480,144,0,1
BRDA:481,145,0,0
BRDA:481,146,0,1
BRDA:481,147,0,1
BRDA:508,148,0,136
BRDA:513,149,0,34
BRDA:514,150,0,102
BRDA:511,151,0,2
BRDA:559,152,0,34
BRDA:567,153,0,2
BRF:154
BRH:122
end_of_record
TN:
SF:src/components/LoginPage.tsx
FN:1,(empty-report)
FNF:1
FNH:0
FNDA:0,(empty-report)
DA:1,0
DA:2,0
DA:4,0
DA:5,0
DA:7,0
DA:8,0
DA:9,0
DA:11,0
DA:12,0
DA:13,0
DA:15,0
DA:16,0
DA:17,0
DA:18,0
DA:19,0
DA:20,0
DA:21,0
DA:22,0
DA:24,0
DA:25,0
DA:26,0
DA:27,0
DA:29,0
DA:31,0
DA:32,0
DA:33,0
DA:35,0
DA:36,0
DA:37,0
DA:38,0
DA:39,0
DA:40,0
DA:42,0
DA:44,0
DA:45,0
DA:46,0
DA:48,0
DA:49,0
DA:50,0
DA:51,0
DA:52,0
DA:53,0
DA:54,0
DA:55,0
DA:56,0
DA:57,0
DA:58,0
DA:59,0
DA:60,0
DA:61,0
DA:62,0
DA:63,0
DA:64,0
DA:65,0
DA:67,0
DA:69,0
DA:70,0
DA:71,0
DA:72,0
DA:73,0
DA:74,0
DA:75,0
DA:76,0
DA:77,0
DA:80,0
DA:81,0
DA:82,0
DA:83,0
DA:85,0
DA:87,0
DA:89,0
DA:90,0
DA:91,0
DA:93,0
DA:94,0
DA:96,0
DA:97,0
DA:98,0
DA:100,0
LF:79
LH:0
BRDA:1,0,0,0
BRF:1
BRH:0
end_of_record
TN:
SF:src/components/ProjectsPage.tsx
FN:14,ProjectModal
FN:36,handleSubmit
FN:70,onChange
FN:83,onChange
FN:96,onChange
FN:109,onChange
FN:140,formatDaysUntil
FN:152,formatDate
FN:160,ProjectsPage
FN:172,onSuccess
FN:180,mutationFn
FN:182,onSuccess
FN:203,handleCreateProject
FN:208,handleEditProject
FN:212,handleSubmit
FN:308,onClick
FN:324,onClose
FNF:17
FNH:4
FNDA:9,ProjectModal
FNDA:0,handleSubmit
FNDA:0,onChange
FNDA:0,onChange
FNDA:0,onChange
FNDA:0,onChange
FNDA:0,formatDaysUntil
FNDA:0,formatDate
FNDA:14,ProjectsPage
FNDA:0,onSuccess
FNDA:0,mutationFn
FNDA:0,onSuccess
FNDA:3,handleCreateProject
FNDA:0,handleEditProject
FNDA:0,handleSubmit
FNDA:0,onClick
FNDA:1,onClose
DA:1,1
DA:2,1
DA:3,1
DA:4,1
DA:5,1
DA:14,9
DA:15,9
DA:16,9
DA:17,9
DA:18,9
DA:19,9
DA:20,9
DA:26,9
DA:27,9
DA:28,9
DA:29,9
DA:30,9
DA:31,9
DA:32,9
DA:34,9
DA:36,3
DA:37,0
DA:38,0
DA:40,0
DA:41,0
DA:42,0
DA:43,0
DA:44,0
DA:45,0
DA:46,0
DA:48,3
DA:49,3
DA:50,3
DA:51,3
DA:52,3
DA:53,3
DA:54,3
DA:56,3
DA:57,9
DA:58,9
DA:59,9
DA:60,9
DA:61,9
DA:63,9
DA:64,9
DA:65,9
DA:66,9
DA:67,9
DA:68,9
DA:69,9
DA:70,9
DA:71,9
DA:72,9
DA:74,9
DA:75,9
DA:77,9
DA:78,9
DA:79,9
DA:80,9
DA:81,9
DA:82,9
DA:83,9
DA:84,9
DA:85,9
DA:87,9
DA:88,9
DA:90,9
DA:91,9
DA:92,9
DA:93,9
DA:94,9
DA:95,9
DA:96,9
DA:97,9
DA:98,9
DA:100,9
DA:101,9
DA:103,9
DA:104,9
DA:105,9
DA:106,9
DA:107,9
DA:108,9
DA:109,9
DA:110,9
DA:111,9
DA:112,9
DA:114,9
DA:115,9
DA:117,9
DA:118,9
DA:119,9
DA:120,9
DA:121,9
DA:122,9
DA:123,9
DA:125,9
DA:126,9
DA:127,9
DA:128,9
DA:129,9
DA:131,9
DA:132,9
DA:133,9
DA:134,9
DA:135,9
DA:136,9
DA:138,9
DA:140,0
DA:141,0
DA:142,0
DA:143,0
DA:144,0
DA:146,0
DA:147,0
DA:148,0
DA:149,0
DA:150,0
DA:152,0
DA:153,0
DA:154,0
DA:155,0
DA:156,0
DA:157,0
DA:158,0
DA:160,14
DA:161,14
DA:162,14
DA:163,14
DA:165,14
DA:166,14
DA:167,14
DA:168,14
DA:170,14
DA:171,14
DA:172,14
DA:173,0
DA:174,0
DA:175,0
DA:176,0
DA:177,14
DA:179,14
DA:180,14
DA:181,0
DA:182,14
DA:183,0
DA:184,0
DA:185,0
DA:186,0
DA:187,14
DA:189,14
DA:190,10
DA:192,5
DA:194,0
DA:195,0
DA:196,0
DA:197,0
DA:198,0
DA:199,0
DA:200,5
DA:201,14
DA:203,14
DA:204,3
DA:205,3
DA:206,3
DA:208,14
DA:209,0
DA:210,0
DA:212,14
DA:213,0
DA:214,0
DA:215,0
DA:216,0
DA:217,0
DA:218,0
DA:220,14
DA:221,5
DA:222,5
DA:223,5
DA:224,5
DA:226,5
DA:228,9
DA:229,9
DA:230,9
DA:231,9
DA:232,9
DA:233,9
DA:234,9
DA:236,9
DA:238,9
DA:239,9
DA:241,9
DA:242,0
DA:243,0
DA:244,0
DA:245,0
DA:246,0
DA:248,9
DA:249,9
DA:250,9
DA:251,9
DA:252,9
DA:253,9
DA:254,9
DA:255,9
DA:256,9
DA:257,9
DA:258,9
DA:259,9
DA:260,9
DA:261,0
DA:263,9
DA:264,9
DA:265,9
DA:266,9
DA:267,9
DA:268,9
DA:269,9
DA:270,9
DA:271,9
DA:272,9
DA:273,9
DA:274,9
DA:275,9
DA:276,0
DA:277,0
DA:278,0
DA:279,0
DA:280,0
DA:282,0
DA:284,0
DA:286,9
DA:288,9
DA:289,9
DA:290,9
DA:291,0
DA:292,0
DA:293,0
DA:294,0
DA:295,0
DA:296,0
DA:297,0
DA:298,0
DA:299,0
DA:300,0
DA:301,0
DA:303,9
DA:305,9
DA:306,9
DA:307,9
DA:308,9
DA:309,9
DA:310,9
DA:312,9
DA:313,9
DA:314,9
DA:316,9
DA:317,9
DA:318,9
DA:319,9
DA:322,14
DA:323,14
DA:324,14
DA:325,1
DA:326,1
DA:327,1
DA:328,14
DA:329,14
DA:330,14
DA:331,14
DA:332,14
DA:334,14
LF:272
LH:199
BRDA:14,0,0,9
BRDA:28,1,0,0
BRDA:29,2,0,0
BRDA:30,3,0,0
BRDA:31,4,0,0
BRDA:31,5,0,0
BRDA:34,6,0,6
BRDA:34,7,0,3
BRDA:57,8,0,0
BRDA:57,9,0,3
BRDA:128,10,0,0
BRDA:131,11,0,0
BRDA:131,12,0,3
BRDA:131,13,0,0
BRDA:160,14,0,14
BRDA:220,15,0,5
BRDA:226,16,0,9
BRDA:241,17,0,0
BRDA:246,18,0,9
BRDA:323,19,0,6
BRDA:330,20,0,9
BRDA:189,21,0,10
BRDA:190,22,0,5
BRDA:203,23,0,3
BRDA:259,24,0,9
BRDA:260,25,0,0
BRDA:269,26,0,0
BRDA:275,27,0,0
BRDA:290,28,0,0
BRDA:324,29,0,1
BRF:30
BRH:16
end_of_record
TN:
SF:src/components/SuggestWeekModal.tsx
FN:5,SuggestWeekModal
FN:27,formatDate
FN:68,onChange
FN:125,onClick
FNF:4
FNH:4
FNDA:47,SuggestWeekModal
FNDA:54,formatDate
FNDA:7,onChange
FNDA:1,onClick
DA:1,1
DA:2,1
DA:5,47
DA:11,47
DA:12,47
DA:14,47
DA:15,27
DA:16,13
DA:18,13
DA:19,13
DA:20,13
DA:21,47
DA:23,47
DA:25,33
DA:27,33
DA:28,54
DA:29,54
DA:30,54
DA:32,33
DA:33,33
DA:34,33
DA:35,33
DA:36,33
DA:37,33
DA:38,33
DA:39,33
DA:40,33
DA:41,33
DA:43,33
DA:44,33
DA:46,33
DA:47,2
DA:48,2
DA:49,2
DA:51,31
DA:52,31
DA:54,31
DA:56,31
DA:57,31
DA:58,2
DA:60,2
DA:62,29
DA:63,29
DA:64,79
DA:65,79
DA:66,79
DA:67,79
DA:68,79
DA:69,79
DA:70,79
DA:71,79
DA:72,79
DA:73,79
DA:75,79
DA:76,79
DA:77,50
DA:78,50
DA:79,50
DA:82,79
DA:83,27
DA:84,27
DA:85,27
DA:86,27
DA:89,79
DA:90,27
DA:91,27
DA:92,27
DA:93,27
DA:95,79
DA:97,79
DA:98,50
DA:99,50
DA:100,75
DA:101,75
DA:102,75
DA:103,50
DA:104,50
DA:106,79
DA:107,79
DA:108,29
DA:109,29
DA:111,31
DA:113,31
DA:114,31
DA:115,31
DA:116,31
DA:117,31
DA:118,31
DA:119,31
DA:120,31
DA:121,31
DA:123,31
DA:124,31
DA:125,31
DA:126,31
DA:127,31
DA:128,31
DA:129,31
DA:130,31
DA:131,31
DA:132,31
DA:133,31
DA:135,47
DA:136,47
DA:138,47
LF:105
LH:105
BRDA:5,0,0,47
BRDA:23,1,0,14
BRDA:23,2,0,36
BRDA:23,3,0,33
BRDA:46,4,0,2
BRDA:49,5,0,31
BRDA:57,6,0,2
BRDA:60,7,0,29
BRDA:115,8,0,8
BRDA:115,9,0,6
BRDA:115,10,0,2
BRDA:115,11,0,23
BRDA:14,12,0,27
BRDA:15,13,0,13
BRDA:18,14,0,29
BRDA:25,15,0,53
BRDA:25,16,0,10
BRDA:27,17,0,54
BRDA:28,18,0,0
BRDA:63,19,0,79
BRDA:76,20,0,50
BRDA:82,21,0,27
BRDA:89,22,0,27
BRDA:97,23,0,50
BRDA:68,24,0,7
BRDA:68,25,0,7
BRDA:99,26,0,75
BRDA:125,27,0,1
BRF:28
BRH:27
end_of_record
TN:
SF:src/components/TaskBoard.tsx
FN:18,InfoBadge
FN:27,ProjectChip
FN:49,TaskCard
FN:70,getInitialData
FN:71,onDragStart
FN:72,onDrop
FN:76,getData
FN:86,onDragEnter
FN:91,onDragLeave
FN:92,onDrop
FN:106,formatDate
FN:111,handleQuickEditSave
FN:123,onSuccess
FN:126,onError
FN:135,handleQuickEditCancel
FN:142,handleKeyDown
FN:176,onChange
FN:185,onClick
FN:200,onClick
FN:211,onClick
FN:224,onClick
FN:234,onClick
FN:272,onChange
FN:284,onChange
FN:319,onClose
FN:325,EmptyColumnDropZone
FN:335,getData
FN:336,onDragEnter
FN:337,onDragLeave
FN:338,onDrop
FN:357,EndOfListDropZone
FN:367,getData
FN:368,onDragEnter
FN:369,onDragLeave
FN:370,onDrop
FN:387,TaskColumn
FN:388,handleArchive
FN:442,TaskBoard
FN:457,queryFn
FN:458,select
FN:500,mutationFn
FN:501,onMutate
FN:519,onError
FN:525,onSettled
FN:538,queryFn
FN:544,onSuccess
FN:551,onError
FN:557,handleSuggestWeek
FN:561,handlePromoteTasks
FN:567,handleTaskDrop
FN:644,onShowImport
FN:653,onClose
FN:661,onClose
FNF:53
FNH:19
FNDA:11,InfoBadge
FNDA:11,ProjectChip
FNDA:92,TaskCard
FNDA:0,getInitialData
FNDA:0,onDragStart
FNDA:0,onDrop
FNDA:0,getData
FNDA:0,onDragEnter
FNDA:0,onDragLeave
FNDA:0,onDrop
FNDA:13,formatDate
FNDA:2,handleQuickEditSave
FNDA:2,onSuccess
FNDA:0,onError
FNDA:1,handleQuickEditCancel
FNDA:65,handleKeyDown
FNDA:50,onChange
FNDA:6,onClick
FNDA:1,onClick
FNDA:0,onClick
FNDA:1,onClick
FNDA:0,onClick
FNDA:1,onChange
FNDA:0,onChange
FNDA:0,onClose
FNDA:44,EmptyColumnDropZone
FNDA:0,getData
FNDA:0,onDragEnter
FNDA:0,onDragLeave
FNDA:0,onDrop
FNDA:22,EndOfListDropZone
FNDA:0,getData
FNDA:0,onDragEnter
FNDA:0,onDragLeave
FNDA:0,onDrop
FNDA:66,TaskColumn
FNDA:0,handleArchive
FNDA:20,TaskBoard
FNDA:11,queryFn
FNDA:24,select
FNDA:0,mutationFn
FNDA:0,onMutate
FNDA:0,onError
FNDA:0,onSettled
FNDA:0,queryFn
FNDA:0,onSuccess
FNDA:0,onError
FNDA:0,handleSuggestWeek
FNDA:0,handlePromoteTasks
FNDA:0,handleTaskDrop
FNDA:0,onShowImport
FNDA:0,onClose
FNDA:0,onClose
DA:1,1
DA:2,1
DA:3,1
DA:4,1
DA:5,1
DA:7,1
DA:8,1
DA:9,1
DA:10,1
DA:11,1
DA:12,1
DA:13,1
DA:14,1
DA:15,1
DA:16,1
DA:18,11
DA:19,11
DA:20,11
DA:21,11
DA:22,11
DA:23,11
DA:25,11
DA:27,11
DA:28,11
DA:29,11
DA:31,11
DA:32,11
DA:33,11
DA:34,11
DA:35,11
DA:36,11
DA:37,11
DA:38,11
DA:39,0
DA:40,0
DA:41,0
DA:42,0
DA:43,0
DA:45,11
DA:47,11
DA:49,92
DA:50,92
DA:51,92
DA:52,92
DA:53,92
DA:54,92
DA:55,92
DA:56,92
DA:57,92
DA:58,92
DA:59,92
DA:61,92
DA:63,92
DA:64,22
DA:65,22
DA:67,22
DA:68,22
DA:69,22
DA:70,22
DA:71,22
DA:72,22
DA:73,22
DA:74,22
DA:75,22
DA:76,22
DA:77,0
DA:78,0
DA:79,0
DA:80,0
DA:81,0
DA:82,0
DA:83,0
DA:84,0
DA:85,0
DA:86,22
DA:87,0
DA:88,0
DA:89,0
DA:90,0
DA:91,22
DA:92,22
DA:93,0
DA:94,0
DA:96,0
DA:97,0
DA:99,0
DA:100,0
DA:101,0
DA:102,22
DA:103,22
DA:104,92
DA:106,92
DA:107,13
DA:108,13
DA:109,13
DA:111,92
DA:112,2
DA:114,2
DA:115,2
DA:116,2
DA:117,2
DA:118,0
DA:119,2
DA:120,2
DA:122,2
DA:123,2
DA:124,2
DA:125,2
DA:126,2
DA:128,0
DA:129,0
DA:130,0
DA:131,0
DA:132,2
DA:133,2
DA:135,92
DA:136,1
DA:137,1
DA:138,1
DA:139,1
DA:140,1
DA:142,92
DA:143,65
DA:144,1
DA:145,65
DA:146,1
DA:147,1
DA:148,65
DA:151,92
DA:152,18
DA:153,18
DA:154,18
DA:155,92
DA:157,92
DA:158,92
DA:159,92
DA:160,0
DA:162,92
DA:163,92
DA:164,92
DA:165,92
DA:166,92
DA:167,92
DA:168,92
DA:170,92
DA:171,92
DA:172,63
DA:173,63
DA:174,63
DA:175,63
DA:176,63
DA:177,63
DA:178,63
DA:179,63
DA:180,63
DA:181,63
DA:183,29
DA:184,29
DA:185,29
DA:186,6
DA:187,6
DA:188,6
DA:189,29
DA:191,29
DA:192,29
DA:193,29
DA:196,92
DA:197,92
DA:198,63
DA:199,63
DA:200,63
DA:201,1
DA:202,1
DA:203,1
DA:204,63
DA:205,63
DA:206,63
DA:208,63
DA:209,63
DA:210,63
DA:211,63
DA:212,0
DA:213,0
DA:214,0
DA:215,63
DA:216,63
DA:218,63
DA:219,63
DA:220,63
DA:222,29
DA:223,29
DA:224,29
DA:225,1
DA:226,1
DA:227,1
DA:228,29
DA:229,29
DA:231,29
DA:232,29
DA:233,29
DA:234,29
DA:235,0
DA:236,0
DA:237,0
DA:238,29
DA:239,29
DA:241,29
DA:242,29
DA:243,29
DA:245,92
DA:246,92
DA:248,92
DA:249,92
DA:250,92
DA:251,92
DA:252,0
DA:253,0
DA:254,0
DA:255,0
DA:256,0
DA:257,0
DA:259,0
DA:261,92
DA:263,92
DA:264,76
DA:265,76
DA:266,63
DA:267,63
DA:268,63
DA:269,63
DA:270,63
DA:271,63
DA:272,63
DA:273,63
DA:274,63
DA:275,63
DA:276,63
DA:277,63
DA:278,63
DA:279,1
DA:280,1
DA:281,1
DA:282,1
DA:283,1
DA:284,1
DA:285,1
DA:286,1
DA:287,1
DA:289,1
DA:290,1
DA:292,63
DA:294,13
DA:295,13
DA:296,13
DA:297,13
DA:298,13
DA:299,13
DA:301,13
DA:302,0
DA:303,0
DA:304,0
DA:305,0
DA:307,13
DA:309,76
DA:311,92
DA:312,92
DA:313,0
DA:316,92
DA:317,92
DA:318,92
DA:319,92
DA:320,92
DA:321,92
DA:323,92
DA:325,44
DA:326,44
DA:327,44
DA:329,44
DA:330,44
DA:331,44
DA:333,44
DA:334,44
DA:335,44
DA:336,44
DA:337,44
DA:338,44
DA:339,0
DA:340,0
DA:341,0
DA:342,44
DA:343,44
DA:345,44
DA:346,44
DA:347,44
DA:348,44
DA:349,44
DA:350,44
DA:351,44
DA:353,44
DA:355,44
DA:357,22
DA:358,22
DA:359,22
DA:361,22
DA:362,22
DA:363,22
DA:365,22
DA:366,22
DA:367,22
DA:368,22
DA:369,22
DA:370,22
DA:371,0
DA:372,0
DA:373,0
DA:374,22
DA:375,22
DA:377,22
DA:378,22
DA:379,22
DA:380,22
DA:381,22
DA:382,22
DA:383,22
DA:385,22
DA:387,66
DA:388,66
DA:389,0
DA:390,0
DA:392,66
DA:393,66
DA:394,66
DA:396,66
DA:397,66
DA:398,66
DA:399,66
DA:400,66
DA:401,66
DA:402,11
DA:403,11
DA:404,11
DA:405,11
DA:407,11
DA:408,11
DA:410,66
DA:411,66
DA:412,66
DA:413,66
DA:414,66
DA:415,66
DA:416,66
DA:417,44
DA:419,66
DA:420,22
DA:421,22
DA:422,22
DA:423,22
DA:424,22
DA:425,22
DA:426,22
DA:427,22
DA:428,22
DA:429,22
DA:430,66
DA:431,66
DA:432,22
DA:434,66
DA:435,66
DA:437,66
DA:439,1
DA:440,1
DA:442,20
DA:443,20
DA:444,20
DA:445,20
DA:448,20
DA:449,9
DA:450,0
DA:451,9
DA:452,9
DA:453,20
DA:455,20
DA:456,20
DA:457,20
DA:458,20
DA:459,20
DA:461,20
DA:462,0
DA:463,20
DA:464,20
DA:465,20
DA:467,20
DA:468,18
DA:469,9
DA:470,20
DA:471,20
DA:472,18
DA:473,9
DA:474,20
DA:476,20
DA:478,20
DA:479,20
DA:480,20
DA:481,22
DA:482,20
DA:483,20
DA:484,20
DA:486,20
DA:487,20
DA:488,20
DA:489,20
DA:490,22
DA:491,22
DA:492,0
DA:493,0
DA:494,22
DA:495,20
DA:496,20
DA:497,20
DA:499,20
DA:500,20
DA:501,20
DA:503,0
DA:506,0
DA:509,0
DA:510,0
DA:511,0
DA:512,0
DA:513,0
DA:514,0
DA:517,0
DA:518,0
DA:519,20
DA:521,0
DA:522,0
DA:523,0
DA:524,0
DA:525,20
DA:526,0
DA:527,0
DA:528,0
DA:529,0
DA:530,20
DA:533,20
DA:534,20
DA:536,20
DA:537,20
DA:538,20
DA:539,20
DA:540,20
DA:542,20
DA:543,20
DA:544,20
DA:545,0
DA:546,0
DA:547,0
DA:548,0
DA:550,0
DA:551,20
DA:552,0
DA:554,0
DA:555,20
DA:557,20
DA:558,0
DA:559,0
DA:561,20
DA:562,0
DA:563,0
DA:564,0
DA:565,0
DA:567,20
DA:568,0
DA:569,0
DA:572,0
DA:573,0
DA:574,0
DA:576,0
DA:577,0
DA:578,0
DA:579,0
DA:580,0
DA:581,0
DA:582,0
DA:585,0
DA:586,0
DA:587,0
DA:589,0
DA:592,0
DA:593,0
DA:594,0
DA:595,0
DA:596,0
DA:597,0
DA:599,0
DA:600,0
DA:601,0
DA:602,0
DA:603,0
DA:604,0
DA:606,20
DA:607,9
DA:608,9
DA:610,11
DA:611,11
DA:613,11
DA:614,11
DA:615,11
DA:616,11
DA:617,11
DA:619,11
DA:621,11
DA:622,11
DA:625,11
DA:626,11
DA:627,11
DA:628,20
DA:629,20
DA:630,20
DA:631,20
DA:634,20
DA:635,20
DA:636,66
DA:637,66
DA:638,66
DA:639,66
DA:640,66
DA:641,66
DA:642,66
DA:643,66
DA:644,66
DA:645,66
DA:646,20
DA:647,20
DA:650,20
DA:651,20
DA:652,20
DA:653,20
DA:654,20
DA:655,20
DA:656,20
DA:659,20
DA:660,20
DA:661,20
DA:662,20
DA:663,20
DA:665,20
LF:546
LH:426
BRDA:18,0,0,11
BRDA:20,1,0,0
BRDA:27,2,0,11
BRDA:28,3,0,0
BRDA:35,4,0,0
BRDA:37,5,0,0
BRDA:38,6,0,0
BRDA:38,7,0,0
BRDA:38,8,0,0
BRDA:49,9,0,92
BRDA:57,10,0,13
BRDA:57,11,0,79
BRDA:159,12,0,0
BRDA:165,13,0,0
BRDA:166,14,0,0
BRDA:167,15,0,0
BRDA:171,16,0,63
BRDA:181,17,0,29
BRDA:189,18,0,0
BRDA:192,19,0,0
BRDA:197,20,0,63
BRDA:220,21,0,29
BRDA:249,22,0,13
BRDA:250,23,0,13
BRDA:251,24,0,0
BRDA:251,25,0,0
BRDA:263,26,0,79
BRDA:263,27,0,79
BRDA:263,28,0,76
BRDA:265,29,0,63
BRDA:278,30,0,1
BRDA:292,31,0,13
BRDA:301,32,0,0
BRDA:312,33,0,0
BRDA:63,34,0,22
BRDA:65,35,0,0
BRDA:106,36,0,13
BRDA:107,37,0,0
BRDA:111,38,0,2
BRDA:112,39,0,0
BRDA:116,40,0,0
BRDA:117,41,0,0
BRDA:117,42,0,0
BRDA:123,43,0,2
BRDA:135,44,0,1
BRDA:137,45,0,0
BRDA:142,46,0,65
BRDA:143,47,0,1
BRDA:145,48,0,64
BRDA:145,49,0,1
BRDA:151,50,0,18
BRDA:153,51,0,9
BRDA:153,52,0,9
BRDA:176,53,0,50
BRDA:185,54,0,6
BRDA:200,55,0,1
BRDA:224,56,0,1
BRDA:272,57,0,1
BRDA:325,58,0,44
BRDA:349,59,0,0
BRDA:329,60,0,44
BRDA:331,61,0,0
BRDA:357,62,0,22
BRDA:381,63,0,0
BRDA:361,64,0,22
BRDA:363,65,0,0
BRDA:387,66,0,66
BRDA:398,67,0,11
BRDA:398,68,0,55
BRDA:401,69,0,11
BRDA:401,70,0,11
BRDA:416,71,0,44
BRDA:431,72,0,22
BRDA:419,73,0,22
BRDA:426,74,0,0
BRDA:442,75,0,20
BRDA:476,76,0,9
BRDA:606,77,0,11
BRDA:606,78,0,11
BRDA:606,79,0,9
BRDA:608,80,0,11
BRDA:628,81,0,0
BRDA:629,82,0,0
BRDA:652,83,0,0
BRDA:652,84,0,11
BRDA:448,85,0,9
BRDA:452,86,0,9
BRDA:457,87,0,11
BRDA:458,88,0,24
BRDA:458,89,0,24
BRDA:458,90,0,0
BRDA:458,91,0,0
BRDA:467,92,0,18
BRDA:468,93,0,9
BRDA:468,94,0,9
BRDA:469,95,0,9
BRDA:471,96,0,18
BRDA:472,97,0,9
BRDA:472,98,0,9
BRDA:473,99,0,27
BRDA:478,100,0,20
BRDA:480,101,0,22
BRDA:481,102,0,11
BRDA:486,103,0,20
BRDA:488,104,0,120
BRDA:489,105,0,22
BRDA:490,106,0,0
BRDA:491,107,0,0
BRDA:635,108,0,66
BRDA:644,109,0,11
BRDA:644,110,0,55
BRF:111
BRH:75
end_of_record
TN:
SF:src/components/TaskEditDrawer.tsx
FN:16,TaskEditDrawer
FN:39,getWeeklyGoalsWithPaths
FN:111,handleEscape
FN:134,handleTabKey
FN:154,validateForm
FN:194,handleSave
FN:213,onSuccess
FN:219,handleInputChange
FN:226,handleHardDeadlineToggle
FN:273,onChange
FN:287,onChange
FN:301,onChange
FN:322,onChange
FN:358,onChange
FN:368,onChange
FN:385,onChange
FN:408,onChange
FN:424,onChange
FNF:18
FNH:14
FNDA:101,TaskEditDrawer
FNDA:101,getWeeklyGoalsWithPaths
FNDA:29,handleEscape
FNDA:29,handleTabKey
FNDA:8,validateForm
FNDA:8,handleSave
FNDA:1,onSuccess
FNDA:18,handleInputChange
FNDA:3,handleHardDeadlineToggle
FNDA:11,onChange
FNDA:0,onChange
FNDA:0,onChange
FNDA:1,onChange
FNDA:3,onChange
FNDA:3,onChange
FNDA:0,onChange
FNDA:3,onChange
FNDA:0,onChange
DA:1,1
DA:2,1
DA:3,1
DA:4,1
DA:5,1
DA:6,1
DA:7,1
DA:16,101
DA:17,101
DA:18,101
DA:19,101
DA:20,101
DA:21,101
DA:22,101
DA:23,101
DA:24,101
DA:25,101
DA:26,101
DA:27,101
DA:28,101
DA:30,101
DA:31,101
DA:32,101
DA:34,101
DA:35,101
DA:36,101
DA:39,101
DA:40,101
DA:42,40
DA:46,40
DA:48,40
DA:49,40
DA:50,40
DA:51,40
DA:52,40
DA:53,40
DA:54,40
DA:55,40
DA:56,40
DA:57,40
DA:58,40
DA:59,40
DA:61,40
DA:62,40
DA:63,0
DA:64,0
DA:65,0
DA:66,0
DA:67,0
DA:68,0
DA:69,40
DA:70,40
DA:73,40
DA:74,40
DA:75,0
DA:76,0
DA:77,0
DA:78,0
DA:79,0
DA:80,0
DA:81,40
DA:83,40
DA:84,101
DA:86,101
DA:89,101
DA:90,28
DA:91,28
DA:92,28
DA:93,28
DA:94,28
DA:95,28
DA:96,28
DA:97,28
DA:98,28
DA:99,28
DA:100,28
DA:101,28
DA:102,28
DA:103,101
DA:106,101
DA:107,28
DA:108,27
DA:109,27
DA:111,28
DA:112,29
DA:113,1
DA:114,1
DA:115,29
DA:117,28
DA:118,28
DA:119,101
DA:122,101
DA:123,28
DA:125,27
DA:126,27
DA:128,27
DA:129,27
DA:130,27
DA:131,27
DA:132,27
DA:134,27
DA:135,29
DA:137,0
DA:138,0
DA:139,0
DA:140,0
DA:141,0
DA:142,0
DA:143,0
DA:144,0
DA:145,0
DA:146,0
DA:147,0
DA:148,29
DA:150,27
DA:151,27
DA:152,101
DA:154,101
DA:155,8
DA:157,8
DA:158,2
DA:159,2
DA:161,8
DA:162,1
DA:163,1
DA:165,8
DA:166,3
DA:167,3
DA:168,3
DA:169,3
DA:170,3
DA:171,3
DA:173,8
DA:174,4
DA:175,4
DA:176,4
DA:177,4
DA:178,4
DA:179,4
DA:181,8
DA:182,1
DA:183,1
DA:186,8
DA:187,7
DA:188,7
DA:190,8
DA:191,8
DA:192,8
DA:194,101
DA:195,8
DA:197,1
DA:198,1
DA:199,1
DA:200,3
DA:201,8
DA:202,8
DA:203,8
DA:204,8
DA:205,0
DA:206,1
DA:207,8
DA:208,8
DA:209,8
DA:210,8
DA:212,8
DA:213,8
DA:214,1
DA:215,1
DA:216,8
DA:217,8
DA:219,101
DA:220,18
DA:221,18
DA:222,2
DA:223,2
DA:224,18
DA:226,101
DA:227,3
DA:228,3
DA:229,1
DA:230,1
DA:231,3
DA:232,0
DA:233,0
DA:234,3
DA:236,101
DA:238,99
DA:239,99
DA:240,99
DA:241,99
DA:242,99
DA:243,99
DA:244,99
DA:245,99
DA:247,99
DA:248,99
DA:250,99
DA:251,99
DA:252,99
DA:253,99
DA:254,99
DA:256,99
DA:257,99
DA:258,99
DA:260,99
DA:261,99
DA:262,99
DA:264,99
DA:265,99
DA:266,99
DA:267,99
DA:268,99
DA:269,99
DA:270,101
DA:271,101
DA:272,101
DA:273,101
DA:274,101
DA:275,101
DA:276,101
DA:278,101
DA:279,101
DA:281,101
DA:282,101
DA:283,101
DA:284,101
DA:285,101
DA:286,101
DA:287,101
DA:288,101
DA:289,101
DA:290,101
DA:292,101
DA:293,101
DA:294,101
DA:296,101
DA:297,101
DA:298,101
DA:299,101
DA:300,101
DA:301,101
DA:303,101
DA:304,101
DA:305,40
DA:306,40
DA:307,40
DA:308,101
DA:309,101
DA:310,101
DA:312,101
DA:313,101
DA:315,101
DA:316,101
DA:317,101
DA:318,101
DA:319,101
DA:320,101
DA:321,101
DA:322,101
DA:324,101
DA:325,101
DA:326,40
DA:327,40
DA:328,40
DA:329,101
DA:330,101
DA:331,101
DA:332,101
DA:333,83
DA:334,83
DA:335,83
DA:336,83
DA:337,2
DA:338,2
DA:339,2
DA:340,81
DA:341,83
DA:342,83
DA:344,101
DA:345,101
DA:347,101
DA:348,101
DA:350,101
DA:351,101
DA:352,101
DA:353,101
DA:354,101
DA:355,101
DA:356,101
DA:357,101
DA:358,101
DA:359,101
DA:360,101
DA:362,101
DA:363,101
DA:364,101
DA:365,101
DA:366,101
DA:367,101
DA:368,101
DA:369,101
DA:370,101
DA:372,101
DA:373,101
DA:374,101
DA:376,101
DA:377,101
DA:378,101
DA:380,101
DA:381,101
DA:382,101
DA:383,101
DA:384,101
DA:385,101
DA:387,101
DA:388,101
DA:389,101
DA:390,101
DA:391,101
DA:392,101
DA:393,101
DA:394,101
DA:396,101
DA:397,101
DA:399,101
DA:400,101
DA:401,101
DA:402,101
DA:403,101
DA:404,101
DA:405,101
DA:406,101
DA:407,101
DA:408,101
DA:409,101
DA:410,101
DA:411,101
DA:412,101
DA:413,101
DA:415,101
DA:416,101
DA:418,101
DA:419,101
DA:420,101
DA:421,101
DA:422,101
DA:423,101
DA:424,101
DA:425,101
DA:426,101
DA:427,101
DA:428,101
DA:429,101
DA:431,101
DA:432,101
DA:433,101
DA:434,101
DA:435,101
DA:436,101
DA:437,101
DA:439,101
DA:440,101
DA:441,101
DA:442,101
DA:443,101
DA:444,101
DA:446,101
DA:447,101
DA:448,101
DA:449,101
DA:450,101
DA:451,101
DA:453,101
LF:373
LH:347
BRDA:16,0,0,101
BRDA:19,1,0,2
BRDA:20,2,0,28
BRDA:21,3,0,16
BRDA:22,4,0,73
BRDA:22,5,0,28
BRDA:23,6,0,69
BRDA:23,7,0,32
BRDA:25,8,0,0
BRDA:26,9,0,73
BRDA:26,10,0,28
BRDA:236,11,0,2
BRDA:236,12,0,99
BRDA:270,13,0,2
BRDA:270,14,0,97
BRDA:275,15,0,2
BRDA:304,16,0,40
BRDA:319,17,0,16
BRDA:319,18,0,83
BRDA:331,19,0,16
BRDA:332,20,0,83
BRDA:355,21,0,14
BRDA:355,22,0,85
BRDA:360,23,0,14
BRDA:405,24,0,1
BRDA:405,25,0,98
BRDA:411,26,0,1
BRDA:447,27,0,1
BRDA:447,28,0,98
BRDA:39,29,0,101
BRDA:40,30,0,61
BRDA:40,31,0,40
BRDA:48,32,0,40
BRDA:49,33,0,40
BRDA:50,34,0,40
BRDA:61,35,0,40
BRDA:62,36,0,0
BRDA:73,37,0,40
BRDA:74,38,0,0
BRDA:89,39,0,28
BRDA:92,40,0,1
BRDA:93,41,0,9
BRDA:94,42,0,6
BRDA:95,43,0,19
BRDA:95,44,0,9
BRDA:96,45,0,18
BRDA:96,46,0,10
BRDA:98,47,0,0
BRDA:99,48,0,19
BRDA:99,49,0,9
BRDA:106,50,0,28
BRDA:107,51,0,27
BRDA:107,52,0,27
BRDA:111,53,0,29
BRDA:112,54,0,1
BRDA:112,55,0,1
BRDA:118,56,0,28
BRDA:122,57,0,28
BRDA:123,58,0,1
BRDA:123,59,0,27
BRDA:126,60,0,0
BRDA:126,61,0,27
BRDA:134,62,0,29
BRDA:135,63,0,0
BRDA:151,64,0,27
BRDA:154,65,0,8
BRDA:157,66,0,2
BRDA:161,67,0,5
BRDA:161,68,0,1
BRDA:165,69,0,4
BRDA:165,70,0,3
BRDA:173,71,0,5
BRDA:173,72,0,4
BRDA:181,73,0,5
BRDA:181,74,0,1
BRDA:186,75,0,7
BRDA:186,76,0,7
BRDA:186,77,0,7
BRDA:194,78,0,8
BRDA:195,79,0,7
BRDA:195,80,0,3
BRDA:195,81,0,1
BRDA:200,82,0,0
BRDA:201,83,0,1
BRDA:202,84,0,1
BRDA:203,85,0,0
BRDA:203,86,0,1
BRDA:204,87,0,0
BRDA:204,88,0,0
BRDA:205,89,0,1
BRDA:207,90,0,0
BRDA:208,91,0,0
BRDA:208,92,0,1
BRDA:197,93,0,1
BRDA:213,94,0,1
BRDA:219,95,0,18
BRDA:221,96,0,2
BRDA:220,97,0,18
BRDA:222,98,0,2
BRDA:226,99,0,3
BRDA:228,100,0,1
BRDA:231,101,0,0
BRDA:227,102,0,3
BRDA:229,103,0,1
BRDA:273,104,0,11
BRDA:304,105,0,40
BRDA:322,106,0,1
BRDA:325,107,0,40
BRDA:334,108,0,83
BRDA:336,109,0,2
BRDA:339,110,0,81
BRDA:335,111,0,36
BRDA:358,112,0,3
BRDA:368,113,0,3
BRDA:408,114,0,3
BRF:115
BRH:102
end_of_record
TN:
SF:src/components/TaskFilters.tsx
FN:13,TaskFilters
FN:16,handleSearchChange
FN:20,handleProjectChange
FN:24,handleGoalChange
FN:28,handleTagChange
FN:36,handleDateRangeChange
FN:44,clearFilters
FN:69,onChange
FN:75,onClick
FN:114,onChange
FN:131,onChange
FN:150,onChange
FN:157,onChange
FNF:13
FNH:1
FNDA:11,TaskFilters
FNDA:0,handleSearchChange
FNDA:0,handleProjectChange
FNDA:0,handleGoalChange
FNDA:0,handleTagChange
FNDA:0,handleDateRangeChange
FNDA:0,clearFilters
FNDA:0,onChange
FNDA:0,onClick
FNDA:0,onChange
FNDA:0,onChange
FNDA:0,onChange
FNDA:0,onChange
DA:1,1
DA:2,1
DA:13,11
DA:14,11
DA:16,11
DA:17,0
DA:18,0
DA:20,11
DA:21,0
DA:22,0
DA:24,11
DA:25,0
DA:26,0
DA:28,11
DA:29,0
DA:30,0
DA:31,0
DA:32,0
DA:33,0
DA:34,0
DA:36,11
DA:37,0
DA:38,0
DA:39,0
DA:40,0
DA:41,0
DA:42,0
DA:44,11
DA:45,0
DA:46,0
DA:48,11
DA:49,9
DA:50,9
DA:51,9
DA:52,9
DA:53,9
DA:54,9
DA:55,9
DA:57,11
DA:59,11
DA:60,11
DA:62,11
DA:63,11
DA:64,11
DA:65,11
DA:66,11
DA:67,11
DA:68,11
DA:69,11
DA:70,11
DA:71,11
DA:72,11
DA:74,11
DA:75,11
DA:76,11
DA:77,11
DA:78,11
DA:80,11
DA:82,11
DA:83,0
DA:84,0
DA:85,0
DA:86,0
DA:87,0
DA:88,0
DA:89,0
DA:90,0
DA:92,11
DA:94,11
DA:95,0
DA:96,0
DA:97,0
DA:98,0
DA:100,0
DA:102,0
DA:104,11
DA:107,11
DA:108,0
DA:110,0
DA:111,0
DA:112,0
DA:113,0
DA:114,0
DA:115,0
DA:117,0
DA:118,0
DA:119,0
DA:120,0
DA:121,0
DA:122,0
DA:123,0
DA:124,0
DA:127,0
DA:128,0
DA:129,0
DA:130,0
DA:131,0
DA:132,0
DA:134,0
DA:135,0
DA:136,0
DA:137,0
DA:138,0
DA:139,0
DA:140,0
DA:141,0
DA:144,0
DA:145,0
DA:146,0
DA:147,0
DA:148,0
DA:149,0
DA:150,0
DA:151,0
DA:152,0
DA:153,0
DA:154,0
DA:155,0
DA:156,0
DA:157,0
DA:158,0
DA:159,0
DA:160,0
DA:161,0
DA:162,0
DA:165,0
DA:166,0
DA:167,0
DA:168,0
DA:169,0
DA:170,0
DA:171,0
DA:172,0
DA:173,0
DA:174,0
DA:175,0
DA:176,0
DA:177,0
DA:179,0
DA:180,0
DA:181,0
DA:182,0
DA:183,0
DA:185,0
DA:187,11
DA:189,11
LF:146
LH:45
BRDA:13,0,0,11
BRDA:77,1,0,0
BRDA:82,2,0,0
BRDA:94,3,0,0
BRDA:107,4,0,0
BRDA:48,5,0,9
BRDA:53,6,0,0
BRF:7
BRH:2
end_of_record
TN:
SF:src/components/TaskForm.tsx
FN:16,TaskForm
FN:27,handleSubmit
FN:56,onChange
FN:68,onChange
FN:78,onChange
FN:100,onChange
FN:119,onChange
FN:130,onChange
FNF:8
FNH:8
FNDA:117,TaskForm
FNDA:7,handleSubmit
FNDA:70,onChange
FNDA:17,onChange
FNDA:1,onChange
FNDA:1,onChange
FNDA:1,onChange
FNDA:1,onChange
DA:1,1
DA:2,1
DA:3,1
DA:4,1
DA:5,1
DA:16,117
DA:17,117
DA:18,117
DA:19,117
DA:20,117
DA:21,117
DA:22,117
DA:24,117
DA:25,117
DA:27,117
DA:28,7
DA:29,7
DA:30,6
DA:31,6
DA:32,6
DA:33,7
DA:34,7
DA:35,7
DA:36,7
DA:37,7
DA:38,7
DA:39,7
DA:40,7
DA:41,7
DA:42,7
DA:43,7
DA:44,7
DA:46,117
DA:47,117
DA:48,117
DA:49,117
DA:50,117
DA:51,117
DA:52,117
DA:53,117
DA:54,117
DA:55,117
DA:56,117
DA:57,117
DA:58,117
DA:59,117
DA:61,117
DA:62,117
DA:63,117
DA:64,117
DA:65,117
DA:66,117
DA:67,117
DA:68,117
DA:69,117
DA:70,117
DA:72,117
DA:73,117
DA:74,117
DA:75,117
DA:76,117
DA:77,117
DA:78,117
DA:80,117
DA:81,117
DA:82,106
DA:83,106
DA:84,106
DA:85,0
DA:86,0
DA:87,0
DA:89,106
DA:90,117
DA:91,117
DA:92,117
DA:94,117
DA:95,117
DA:96,117
DA:97,117
DA:98,117
DA:99,117
DA:100,117
DA:102,117
DA:103,117
DA:104,318
DA:105,318
DA:106,318
DA:107,318
DA:108,117
DA:109,117
DA:110,117
DA:112,117
DA:113,117
DA:114,117
DA:115,117
DA:116,117
DA:117,117
DA:118,117
DA:119,117
DA:120,117
DA:121,117
DA:123,117
DA:124,117
DA:125,117
DA:126,117
DA:127,117
DA:128,117
DA:129,117
DA:130,117
DA:131,117
DA:132,117
DA:134,117
DA:135,117
DA:137,117
DA:138,117
DA:139,117
DA:140,117
DA:142,117
LF:118
LH:115
BRDA:16,0,0,117
BRDA:81,1,0,106
BRDA:103,2,0,106
BRDA:27,3,0,7
BRDA:29,4,0,1
BRDA:29,5,0,6
BRDA:33,6,0,5
BRDA:34,7,0,5
BRDA:35,8,0,5
BRDA:36,9,0,5
BRDA:56,10,0,70
BRDA:68,11,0,17
BRDA:78,12,0,1
BRDA:81,13,0,106
BRDA:84,14,0,0
BRDA:84,15,0,0
BRDA:100,16,0,1
BRDA:103,17,0,318
BRDA:119,18,0,1
BRDA:130,19,0,1
BRF:20
BRH:18
end_of_record
TN:
SF:src/components/Toaster.tsx
FN:1,(empty-report)
FNF:1
FNH:0
FNDA:0,(empty-report)
DA:1,0
DA:5,0
DA:6,0
DA:7,0
DA:8,0
DA:9,0
DA:10,0
DA:11,0
DA:13,0
DA:14,0
DA:15,0
DA:16,0
DA:17,0
DA:19,0
DA:20,0
DA:21,0
DA:22,0
DA:23,0
DA:24,0
DA:25,0
DA:26,0
DA:28,0
LF:22
LH:0
BRDA:1,0,0,0
BRF:1
BRH:0
end_of_record
TN:
SF:src/components/TrelloImportModal.tsx
FN:8,TrelloImportModal
FN:21,onSuccess
FN:35,handleDrag
FN:45,handleDrop
FN:59,handleFileSelect
FN:65,handleImport
FN:71,handleClose
FN:117,onClick
FNF:8
FNH:1
FNDA:11,TrelloImportModal
FNDA:0,onSuccess
FNDA:0,handleDrag
FNDA:0,handleDrop
FNDA:0,handleFileSelect
FNDA:0,handleImport
FNDA:0,handleClose
FNDA:0,onClick
DA:1,1
DA:2,1
DA:3,1
DA:4,1
DA:5,1
DA:6,1
DA:8,11
DA:9,11
DA:10,11
DA:11,11
DA:14,11
DA:15,11
DA:16,11
DA:17,11
DA:19,11
DA:20,11
DA:21,11
DA:22,0
DA:23,0
DA:24,0
DA:26,0
DA:27,0
DA:28,0
DA:29,0
DA:30,0
DA:31,11
DA:33,11
DA:35,0
DA:36,0
DA:37,0
DA:38,0
DA:39,0
DA:40,0
DA:41,0
DA:42,0
DA:43,0
DA:45,0
DA:46,0
DA:47,0
DA:48,0
DA:50,0
DA:51,0
DA:52,0
DA:53,0
DA:54,0
DA:55,0
DA:56,0
DA:57,0
DA:59,0
DA:60,0
DA:61,0
DA:62,0
DA:63,0
DA:65,0
DA:66,0
DA:67,0
DA:68,0
DA:69,0
DA:71,0
DA:72,0
DA:73,0
DA:74,0
DA:75,0
DA:76,0
DA:77,0
DA:79,0
DA:80,0
DA:81,0
DA:82,0
DA:83,0
DA:84,0
DA:85,0
DA:87,0
DA:88,0
DA:90,0
DA:91,0
DA:92,0
DA:93,0
DA:94,0
DA:96,0
DA:97,0
DA:98,0
DA:100,0
DA:101,0
DA:102,0
DA:103,0
DA:104,0
DA:105,0
DA:106,0
DA:107,0
DA:108,0
DA:109,0
DA:110,0
DA:111,0
DA:112,0
DA:113,0
DA:114,0
DA:115,0
DA:116,0
DA:117,0
DA:118,0
DA:119,0
DA:121,0
DA:122,0
DA:124,0
DA:125,0
DA:127,0
DA:129,0
DA:130,0
DA:131,0
DA:132,0
DA:133,0
DA:134,0
DA:135,0
DA:136,0
DA:137,0
DA:138,0
DA:139,0
DA:140,0
DA:142,0
DA:143,0
DA:144,0
DA:145,0
DA:146,0
DA:147,0
DA:148,0
DA:149,0
DA:150,0
DA:151,0
DA:153,0
DA:154,0
DA:155,0
DA:157,0
DA:158,0
DA:159,0
DA:160,0
DA:162,0
DA:163,0
DA:164,0
DA:165,0
DA:166,0
DA:167,0
DA:168,0
DA:169,0
DA:171,0
DA:173,0
DA:174,0
DA:175,0
DA:176,0
DA:177,0
DA:178,0
DA:180,0
DA:181,0
DA:182,0
DA:183,0
DA:184,0
DA:186,0
DA:187,0
DA:188,0
DA:189,0
DA:191,11
DA:192,11
DA:194,11
LF:163
LH:22
BRDA:8,0,0,11
BRDA:33,1,0,0
BRDA:108,2,0,0
BRF:3
BRH:1
end_of_record
TN:
SF:src/hooks/useAuth.tsx
FN:1,(empty-report)
FNF:1
FNH:0
FNDA:0,(empty-report)
DA:1,0
DA:2,0
DA:3,0
DA:4,0
DA:16,0
DA:18,0
DA:19,0
DA:20,0
DA:21,0
DA:23,0
DA:24,0
DA:25,0
DA:26,0
DA:27,0
DA:28,0
DA:30,0
DA:32,0
DA:33,0
DA:34,0
DA:35,0
DA:37,0
DA:39,0
DA:40,0
DA:43,0
DA:44,0
DA:45,0
DA:46,0
DA:47,0
DA:49,0
DA:50,0
DA:51,0
DA:53,0
DA:54,0
DA:55,0
DA:56,0
DA:58,0
DA:59,0
DA:60,0
DA:61,0
DA:62,0
DA:63,0
DA:64,0
DA:66,0
DA:67,0
DA:68,0
DA:69,0
DA:71,0
DA:73,0
DA:74,0
DA:75,0
DA:77,0
DA:78,0
DA:79,0
DA:80,0
DA:81,0
DA:82,0
DA:83,0
DA:84,0
DA:85,0
DA:87,0
DA:88,0
DA:90,0
DA:91,0
DA:92,0
DA:93,0
DA:94,0
DA:95,0
DA:96,0
LF:68
LH:0
BRDA:1,0,0,0
BRF:1
BRH:0
end_of_record
TN:
SF:src/hooks/useTaskMutation.ts
FN:10,useTaskUpdateMutation
FN:14,mutationFn
FN:16,onMutate
FN:43,onError
FN:52,onSuccess
FNF:5
FNH:5
FNDA:207,useTaskUpdateMutation
FNDA:10,mutationFn
FNDA:10,onMutate
FNDA:1,onError
FNDA:9,onSuccess
DA:1,1
DA:2,1
DA:10,1
DA:11,207
DA:13,207
DA:14,207
DA:16,207
DA:18,10
DA:21,10
DA:24,10
DA:25,2
DA:27,2
DA:28,4
DA:29,2
DA:31,2
DA:32,10
DA:35,10
DA:36,10
DA:37,1
DA:38,1
DA:40,10
DA:41,10
DA:43,207
DA:45,1
DA:46,1
DA:47,0
DA:48,1
DA:49,1
DA:50,1
DA:52,207
DA:54,9
DA:57,9
DA:58,6
DA:59,6
DA:62,9
DA:63,6
DA:64,6
DA:65,6
DA:68,9
DA:69,9
DA:70,207
DA:71,207
LF:42
LH:41
BRDA:10,0,0,207
BRDA:14,1,0,10
BRDA:16,2,0,10
BRDA:36,3,0,1
BRDA:24,4,0,2
BRDA:25,5,0,0
BRDA:27,6,0,4
BRDA:28,7,0,2
BRDA:28,8,0,2
BRDA:43,9,0,1
BRDA:52,10,0,9
BRDA:57,11,0,6
BRDA:62,12,0,6
BRF:13
BRH:12
end_of_record
TN:
SF:src/lib/queryKeys.ts
FN:4,byStatuses
FN:5,byId
FN:18,byType
FN:19,detail
FNF:4
FNH:1
FNDA:0,byStatuses
FNDA:0,byId
FNDA:0,byType
FNDA:1,detail
DA:1,1
DA:2,1
DA:3,1
DA:4,1
DA:5,1
DA:6,1
DA:7,1
DA:8,1
DA:9,1
DA:10,1
DA:11,1
DA:12,1
DA:13,1
DA:14,1
DA:15,1
DA:16,1
DA:17,1
DA:18,1
DA:19,1
DA:20,1
DA:21,1
LF:21
LH:21
BRDA:19,0,0,1
BRF:1
BRH:1
end_of_record
